This file contains any messages produced by compilers while
running configure, to aid debugging if configure makes a mistake.

It was created by MPEG Audio Decoder configure 0.15.0b, which was
generated by GNU Autoconf 2.57.  Invocation command line was

  $ ./configure 

## --------- ##
## Platform. ##
## --------- ##

hostname = localhost.localdomain
uname -m = i686
uname -r = 2.4.18-3
uname -s = Linux
uname -v = #1 Thu Apr 18 07:37:53 EDT 2002

/usr/bin/uname -p = unknown
/bin/uname -X     = unknown

/bin/arch              = i686
/usr/bin/arch -k       = unknown
/usr/convex/getsysinfo = unknown
hostinfo               = unknown
/bin/machine           = unknown
/usr/bin/oslevel       = unknown
/bin/universe          = unknown

PATH: /test/xscale-tools/H-i686-pc-linux-gnulibc2.1/bin
PATH: /test/xscale-tools/H-i686-pc-linux-gnulibc2.1/bin
PATH: /usr/kerberos/sbin
PATH: /usr/kerberos/bin
PATH: /usr/local/sbin
PATH: /usr/local/bin
PATH: /sbin
PATH: /bin
PATH: /usr/sbin
PATH: /usr/bin
PATH: /usr/X11R6/bin
PATH: /root/bin


## ----------- ##
## Core tests. ##
## ----------- ##

configure:1507: checking for a BSD-compatible install
configure:1561: result: /usr/bin/install -c
configure:1572: checking whether build environment is sane
configure:1615: result: yes
configure:1648: checking for gawk
configure:1664: found /bin/gawk
configure:1674: result: gawk
configure:1684: checking whether make sets $(MAKE)
configure:1704: result: yes
configure:1879: checking build system type
configure:1897: result: i686-pc-linux-gnu
configure:1905: checking host system type
configure:1919: result: i686-pc-linux-gnu
configure:1975: checking for gcc
configure:1991: found /usr/bin/gcc
configure:2001: result: gcc
configure:2245: checking for C compiler version
configure:2248: gcc --version </dev/null >&5
gcc (GCC) 3.2.2 20030222 (Red Hat Linux 3.2.2-5)
Copyright (C) 2002 Free Software Foundation, Inc.
This is free software; see the source for copying conditions.  There is NO
warranty; not even for MERCHANTABILITY or FITNESS FOR A PARTICULAR PURPOSE.

configure:2251: $? = 0
configure:2253: gcc -v </dev/null >&5
Reading specs from /usr/lib/gcc-lib/i386-redhat-linux/3.2.2/specs
Configured with: ../configure --prefix=/usr --mandir=/usr/share/man --infodir=/usr/share/info --enable-shared --enable-threads=posix --disable-checking --with-system-zlib --enable-__cxa_atexit --host=i386-redhat-linux
Thread model: posix
gcc version 3.2.2 20030222 (Red Hat Linux 3.2.2-5)
configure:2256: $? = 0
configure:2258: gcc -V </dev/null >&5
gcc: argument to `-V' is missing
configure:2261: $? = 1
configure:2285: checking for C compiler default output
configure:2288: gcc    conftest.c  >&5
configure:2291: $? = 0
configure:2337: result: a.out
configure:2342: checking whether the C compiler works
configure:2348: ./a.out
configure:2351: $? = 0
configure:2368: result: yes
configure:2375: checking whether we are cross compiling
configure:2377: result: no
configure:2380: checking for suffix of executables
configure:2382: gcc -o conftest    conftest.c  >&5
configure:2385: $? = 0
configure:2410: result: 
configure:2416: checking for suffix of object files
configure:2438: gcc -c   conftest.c >&5
configure:2441: $? = 0
configure:2463: result: o
configure:2467: checking whether we are using the GNU C compiler
configure:2492: gcc -c   conftest.c >&5
configure:2495: $? = 0
configure:2498: test -s conftest.o
configure:2501: $? = 0
configure:2514: result: yes
configure:2520: checking whether gcc accepts -g
configure:2542: gcc -c -g  conftest.c >&5
configure:2545: $? = 0
configure:2548: test -s conftest.o
configure:2551: $? = 0
configure:2562: result: yes
configure:2579: checking for gcc option to accept ANSI C
configure:2640: gcc  -c -g -O2  conftest.c >&5
configure:2643: $? = 0
configure:2646: test -s conftest.o
configure:2649: $? = 0
configure:2667: result: none needed
configure:2685: gcc -c -g -O2  conftest.c >&5
conftest.c:2: parse error before "me"
configure:2688: $? = 1
configure: failed program was:
| #ifndef __cplusplus
|   choke me
| #endif
configure:2808: checking for style of include used by make
configure:2836: result: GNU
configure:2864: checking dependency style of gcc
configure:2932: result: gcc3
configure:3060: checking for ld used by GCC
configure:3123: result: /usr/bin/ld
configure:3132: checking if the linker (/usr/bin/ld) is GNU ld
GNU ld version 2.13.90.0.18 20030206
configure:3144: result: yes
configure:3149: checking for /usr/bin/ld option to reload object files
configure:3156: result: -r
configure:3161: checking for BSD-compatible nm
configure:3197: result: /usr/bin/nm -B
configure:3200: checking for a sed that does not truncate output
configure:3282: result: /bin/sed
configure:3285: checking whether ln -s works
configure:3289: result: yes
configure:3296: checking how to recognise dependent libraries
configure:3477: result: pass_all
configure:3490: checking command to parse /usr/bin/nm -B output
configure:3574: gcc -c -g -O2  conftest.c >&5
configure:3577: $? = 0
configure:3581: /usr/bin/nm -B conftest.o \| sed -n -e 's/^.*[ 	]\([ABCDGISTW][ABCDGISTW]*\)[ 	][ 	]*\(\)\([_A-Za-z][_A-Za-z0-9]*\)$/\1 \2\3 \3/p' \> conftest.nm
configure:3584: $? = 0
configure:3636: gcc -o conftest -g -O2   conftest.c conftstm.o >&5
configure:3639: $? = 0
configure:3683: result: ok
configure:3692: checking how to run the C preprocessor
configure:3728: gcc -E  conftest.c
configure:3734: $? = 0
configure:3766: gcc -E  conftest.c
configure:3767:28: ac_nonexistent.h: No such file or directory
configure:3772: $? = 1
configure: failed program was:
| #line 3757 "configure"
| /* confdefs.h.  */
| 
| #define PACKAGE_NAME "MPEG Audio Decoder"
| #define PACKAGE_TARNAME "libmad"
| #define PACKAGE_VERSION "0.15.0b"
| #define PACKAGE_STRING "MPEG Audio Decoder 0.15.0b"
| #define PACKAGE_BUGREPORT "support@underbit.com"
| #define PACKAGE "libmad"
| #define VERSION "0.15.0b"
| /* end confdefs.h.  */
| #include <ac_nonexistent.h>
configure:3810: result: gcc -E
configure:3835: gcc -E  conftest.c
configure:3841: $? = 0
configure:3873: gcc -E  conftest.c
configure:3874:28: ac_nonexistent.h: No such file or directory
configure:3879: $? = 1
configure: failed program was:
| #line 3864 "configure"
| /* confdefs.h.  */
| 
| #define PACKAGE_NAME "MPEG Audio Decoder"
| #define PACKAGE_TARNAME "libmad"
| #define PACKAGE_VERSION "0.15.0b"
| #define PACKAGE_STRING "MPEG Audio Decoder 0.15.0b"
| #define PACKAGE_BUGREPORT "support@underbit.com"
| #define PACKAGE "libmad"
| #define VERSION "0.15.0b"
| /* end confdefs.h.  */
| #include <ac_nonexistent.h>
configure:3922: checking for egrep
configure:3932: result: grep -E
configure:3937: checking for ANSI C header files
configure:3963: gcc -c -g -O2  conftest.c >&5
configure:3966: $? = 0
configure:3969: test -s conftest.o
configure:3972: $? = 0
configure:4061: gcc -o conftest -g -O2   conftest.c  >&5
configure:4064: $? = 0
configure:4066: ./conftest
configure:4069: $? = 0
configure:4084: result: yes
configure:4108: checking for sys/types.h
configure:4125: gcc -c -g -O2  conftest.c >&5
configure:4128: $? = 0
configure:4131: test -s conftest.o
configure:4134: $? = 0
configure:4145: result: yes
configure:4108: checking for sys/stat.h
configure:4125: gcc -c -g -O2  conftest.c >&5
configure:4128: $? = 0
configure:4131: test -s conftest.o
configure:4134: $? = 0
configure:4145: result: yes
configure:4108: checking for stdlib.h
configure:4125: gcc -c -g -O2  conftest.c >&5
configure:4128: $? = 0
configure:4131: test -s conftest.o
configure:4134: $? = 0
configure:4145: result: yes
configure:4108: checking for string.h
configure:4125: gcc -c -g -O2  conftest.c >&5
configure:4128: $? = 0
configure:4131: test -s conftest.o
configure:4134: $? = 0
configure:4145: result: yes
configure:4108: checking for memory.h
configure:4125: gcc -c -g -O2  conftest.c >&5
configure:4128: $? = 0
configure:4131: test -s conftest.o
configure:4134: $? = 0
configure:4145: result: yes
configure:4108: checking for strings.h
configure:4125: gcc -c -g -O2  conftest.c >&5
configure:4128: $? = 0
configure:4131: test -s conftest.o
configure:4134: $? = 0
configure:4145: result: yes
configure:4108: checking for inttypes.h
configure:4125: gcc -c -g -O2  conftest.c >&5
configure:4128: $? = 0
configure:4131: test -s conftest.o
configure:4134: $? = 0
configure:4145: result: yes
configure:4108: checking for stdint.h
configure:4125: gcc -c -g -O2  conftest.c >&5
configure:4128: $? = 0
configure:4131: test -s conftest.o
configure:4134: $? = 0
configure:4145: result: yes
configure:4108: checking for unistd.h
configure:4125: gcc -c -g -O2  conftest.c >&5
configure:4128: $? = 0
configure:4131: test -s conftest.o
configure:4134: $? = 0
configure:4145: result: yes
configure:4171: checking dlfcn.h usability
configure:4184: gcc -c -g -O2  conftest.c >&5
configure:4187: $? = 0
configure:4190: test -s conftest.o
configure:4193: $? = 0
configure:4203: result: yes
configure:4207: checking dlfcn.h presence
configure:4218: gcc -E  conftest.c
configure:4224: $? = 0
configure:4243: result: yes
configure:4279: checking for dlfcn.h
configure:4286: result: yes
configure:4484: checking for ranlib
configure:4500: found /usr/bin/ranlib
configure:4511: result: ranlib
configure:4564: checking for strip
configure:4580: found /usr/bin/strip
configure:4591: result: strip
configure:4801: checking for objdir
configure:4812: result: .libs
configure:4829: checking for gcc option to produce PIC
configure:4975: result: -fPIC
configure:4979: checking if gcc PIC flag -fPIC works
configure:5003: gcc -c -g -O2 -fPIC -DPIC  conftest.c >&5
configure:5006: $? = 0
configure:5009: test -s conftest.o
configure:5012: $? = 0
configure:5050: result: yes
configure:5066: checking if gcc static flag -static works
configure:5091: gcc -o conftest -g -O2   -static conftest.c  >&5
configure:5094: $? = 0
configure:5097: test -s conftest
configure:5100: $? = 0
configure:5116: result: yes
configure:5128: checking if gcc supports -c -o file.o
configure:5151: gcc -c -g -O2 -o out/conftest2.o  conftest.c >&5
configure:5172: result: yes
configure:5177: checking if gcc supports -c -o file.lo
configure:5205: gcc -c -g -O2 -c -o conftest.lo  conftest.c >&5
configure:5208: $? = 0
configure:5211: test -s conftest.lo
configure:5214: $? = 0
configure:5236: result: yes
configure:5267: checking if gcc supports -fno-rtti -fno-exceptions
configure:5290: gcc -c -g -O2 -fno-rtti -fno-exceptions -c conftest.c  conftest.c >&5
configure:5293: $? = 0
configure:5296: test -s conftest.o
configure:5299: $? = 0
configure:5316: result: yes
configure:5327: checking whether the linker (/usr/bin/ld) supports shared libraries
configure:6022: result: yes
configure:6027: checking how to hardcode library paths into programs
configure:6051: result: immediate
configure:6056: checking whether stripping libraries is possible
configure:6061: result: yes
configure:6072: checking dynamic linker characteristics
configure:6492: result: GNU/Linux ld.so
configure:6497: checking if libtool supports shared libraries
configure:6499: result: yes
configure:6502: checking whether to build shared libraries
configure:6523: result: yes
configure:6526: checking whether to build static libraries
configure:6530: result: yes
configure:7204: checking whether -lc should be explicitly linked in
configure:7212: gcc -c -g -O2  conftest.c >&5
configure:7215: $? = 0
configure:7229: gcc -shared conftest.o  -v -Wl,-soname -Wl,conftest -o conftest 2\>\&1 \| grep  -lc  \>/dev/null 2\>\&1
configure:7232: $? = 0
configure:7245: result: no
configure:7963: checking for ANSI C header files
configure:8110: result: yes
configure:8120: checking for sys/wait.h that is POSIX.1 compatible
configure:8152: gcc -c -Wall  conftest.c >&5
configure:8155: $? = 0
configure:8158: test -s conftest.o
configure:8161: $? = 0
configure:8172: result: yes
configure:8201: checking assert.h usability
configure:8214: gcc -c -Wall  conftest.c >&5
configure:8217: $? = 0
configure:8220: test -s conftest.o
configure:8223: $? = 0
configure:8233: result: yes
configure:8237: checking assert.h presence
configure:8248: gcc -E  conftest.c
configure:8254: $? = 0
configure:8273: result: yes
configure:8309: checking for assert.h
configure:8316: result: yes
configure:8201: checking limits.h usability
configure:8214: gcc -c -Wall  conftest.c >&5
configure:8217: $? = 0
configure:8220: test -s conftest.o
configure:8223: $? = 0
configure:8233: result: yes
configure:8237: checking limits.h presence
configure:8248: gcc -E  conftest.c
configure:8254: $? = 0
configure:8273: result: yes
configure:8309: checking for limits.h
configure:8316: result: yes
configure:8192: checking for unistd.h
configure:8197: result: yes
configure:8192: checking for sys/types.h
configure:8197: result: yes
configure:8201: checking fcntl.h usability
configure:8214: gcc -c -Wall  conftest.c >&5
configure:8217: $? = 0
configure:8220: test -s conftest.o
configure:8223: $? = 0
configure:8233: result: yes
configure:8237: checking fcntl.h presence
configure:8248: gcc -E  conftest.c
configure:8254: $? = 0
configure:8273: result: yes
configure:8309: checking for fcntl.h
configure:8316: result: yes
configure:8201: checking errno.h usability
configure:8214: gcc -c -Wall  conftest.c >&5
configure:8217: $? = 0
configure:8220: test -s conftest.o
configure:8223: $? = 0
configure:8233: result: yes
configure:8237: checking errno.h presence
configure:8248: gcc -E  conftest.c
configure:8254: $? = 0
configure:8273: result: yes
configure:8309: checking for errno.h
configure:8316: result: yes
configure:8331: checking for an ANSI C-conforming const
configure:8399: gcc -c -Wall  conftest.c >&5
configure: In function `main':
configure:8392: warning: unused variable `s'
configure:8412: warning: unused variable `foo'
configure:8373: warning: unused variable `x'
configure:8379: warning: unused variable `zero'
configure:8402: $? = 0
configure:8405: test -s conftest.o
configure:8408: $? = 0
configure:8419: result: yes
configure:8429: checking for inline
configure:8451: gcc -c -Wall  conftest.c >&5
configure:8454: $? = 0
configure:8457: test -s conftest.o
configure:8460: $? = 0
configure:8472: result: inline
configure:8487: checking for pid_t
configure:8512: gcc -c -Wall  conftest.c >&5
configure:8515: $? = 0
configure:8518: test -s conftest.o
configure:8521: $? = 0
configure:8532: result: yes
configure:8545: checking for int
configure:8570: gcc -c -Wall  conftest.c >&5
configure:8573: $? = 0
configure:8576: test -s conftest.o
configure:8579: $? = 0
configure:8590: result: yes
configure:8593: checking size of int
configure:8868: gcc -o conftest -Wall   conftest.c  >&5
configure:8871: $? = 0
configure:8873: ./conftest
configure:8876: $? = 0
configure:8899: result: 4
configure:8906: checking for long
configure:8931: gcc -c -Wall  conftest.c >&5
configure:8934: $? = 0
configure:8937: test -s conftest.o
configure:8940: $? = 0
configure:8951: result: yes
configure:8954: checking size of long
configure:9229: gcc -o conftest -Wall   conftest.c  >&5
configure:9232: $? = 0
configure:9234: ./conftest
configure:9237: $? = 0
configure:9260: result: 4
configure:9267: checking for long long
configure:9292: gcc -c -Wall  conftest.c >&5
configure:9295: $? = 0
configure:9298: test -s conftest.o
configure:9301: $? = 0
configure:9312: result: yes
configure:9315: checking size of long long
configure:9590: gcc -o conftest -Wall   conftest.c  >&5
configure:9593: $? = 0
configure:9595: ./conftest
configure:9598: $? = 0
configure:9621: result: 8
configure:9637: checking for waitpid
configure:9687: gcc -o conftest -Wall   conftest.c  >&5
configure:9690: $? = 0
configure:9693: test -s conftest
configure:9696: $? = 0
configure:9707: result: yes
configure:9637: checking for fcntl
configure:9687: gcc -o conftest -Wall   conftest.c  >&5
configure:9690: $? = 0
configure:9693: test -s conftest
configure:9696: $? = 0
configure:9707: result: yes
configure:9637: checking for pipe
configure:9687: gcc -o conftest -Wall   conftest.c  >&5
configure:9690: $? = 0
configure:9693: test -s conftest
configure:9696: $? = 0
configure:9707: result: yes
configure:9637: checking for fork
configure:9687: gcc -o conftest -Wall   conftest.c  >&5
configure:9690: $? = 0
configure:9693: test -s conftest
configure:9696: $? = 0
configure:9707: result: yes
configure:9779: checking whether to optimize for speed or for accuracy
configure:9821: result: default
configure:9831: checking for architecture-specific fixed-point math routines
configure:9870: result: INTEL
configure:9926: checking for ISO/IEC interpretation
configure:9944: result: best accepted practices
configure:9947: checking whether to enable profiling
configure:9958: result: no
configure:9961: checking whether to enable debugging
configure:9998: result: default
configure:10001: checking whether to enable experimental code
configure:10018: result: no
configure:10139: creating ./config.status

## ---------------------- ##
## Running config.status. ##
## ---------------------- ##

This file was extended by MPEG Audio Decoder config.status 0.15.0b, which was
generated by GNU Autoconf 2.57.  Invocation command line was

  CONFIG_FILES    = 
  CONFIG_HEADERS  = 
  CONFIG_LINKS    = 
  CONFIG_COMMANDS = 
  $ ./config.status 

on localhost.localdomain

config.status:673: creating Makefile
config.status:673: creating msvc++/Makefile
config.status:673: creating libmad.list
config.status:777: creating config.h
config.status:1036: executing depfiles commands

## ---------------- ##
## Cache variables. ##
## ---------------- ##

ac_cv_build=i686-pc-linux-gnu
ac_cv_build_alias=i686-pc-linux-gnu
ac_cv_c_compiler_gnu=yes
ac_cv_c_const=yes
ac_cv_c_inline=inline
ac_cv_env_CC_set=
ac_cv_env_CC_value=
ac_cv_env_CFLAGS_set=
ac_cv_env_CFLAGS_value=
ac_cv_env_CPPFLAGS_set=
ac_cv_env_CPPFLAGS_value=
ac_cv_env_CPP_set=
ac_cv_env_CPP_value=
ac_cv_env_LDFLAGS_set=
ac_cv_env_LDFLAGS_value=
ac_cv_env_build_alias_set=
ac_cv_env_build_alias_value=
ac_cv_env_host_alias_set=
ac_cv_env_host_alias_value=
ac_cv_env_target_alias_set=
ac_cv_env_target_alias_value=
ac_cv_exeext=
ac_cv_func_fcntl=yes
ac_cv_func_fork=yes
ac_cv_func_pipe=yes
ac_cv_func_waitpid=yes
ac_cv_header_assert_h=yes
ac_cv_header_dlfcn_h=yes
ac_cv_header_errno_h=yes
ac_cv_header_fcntl_h=yes
ac_cv_header_inttypes_h=yes
ac_cv_header_limits_h=yes
ac_cv_header_memory_h=yes
ac_cv_header_stdc=yes
ac_cv_header_stdint_h=yes
ac_cv_header_stdlib_h=yes
ac_cv_header_string_h=yes
ac_cv_header_strings_h=yes
ac_cv_header_sys_stat_h=yes
ac_cv_header_sys_types_h=yes
ac_cv_header_sys_wait_h=yes
ac_cv_header_unistd_h=yes
ac_cv_host=i686-pc-linux-gnu
ac_cv_host_alias=i686-pc-linux-gnu
ac_cv_objext=o
ac_cv_path_install='/usr/bin/install -c'
ac_cv_prog_AWK=gawk
ac_cv_prog_CPP='gcc -E'
ac_cv_prog_ac_ct_CC=gcc
ac_cv_prog_ac_ct_RANLIB=ranlib
ac_cv_prog_ac_ct_STRIP=strip
ac_cv_prog_cc_g=yes
ac_cv_prog_cc_stdc=
ac_cv_prog_egrep='grep -E'
ac_cv_prog_make_make_set=yes
ac_cv_sizeof_int=4
ac_cv_sizeof_long=4
ac_cv_sizeof_long_long=8
ac_cv_type_int=yes
ac_cv_type_long=yes
ac_cv_type_long_long=yes
ac_cv_type_pid_t=yes
am_cv_CC_dependencies_compiler_type=gcc3
lt_cv_archive_cmds_need_lc=no
lt_cv_compiler_c_o=yes
lt_cv_compiler_o_lo=yes
lt_cv_deplibs_check_method=pass_all
lt_cv_file_magic_cmd='$MAGIC_CMD'
lt_cv_file_magic_test_file='/lib/libc.so.6 /lib/libc-2.3.2.so'
lt_cv_global_symbol_to_c_name_address='sed -n -e '\''s/^: \([^ ]*\) $/  {\"\1\", (lt_ptr) 0},/p'\'' -e '\''s/^[BCDEGRST] \([^ ]*\) \([^ ]*\)$/  {"\2", (lt_ptr) \&\2},/p'\'''
lt_cv_global_symbol_to_cdecl='sed -n -e '\''s/^. .* \(.*\)$/extern char \1;/p'\'''
lt_cv_ld_reload_flag=-r
lt_cv_path_LD=/usr/bin/ld
lt_cv_path_NM='/usr/bin/nm -B'
lt_cv_path_SED=/bin/sed
lt_cv_prog_cc_can_build_shared=yes
lt_cv_prog_cc_no_builtin=
lt_cv_prog_cc_pic=' -fPIC'
lt_cv_prog_cc_pic_works=yes
lt_cv_prog_cc_shlib=
lt_cv_prog_cc_static=-static
lt_cv_prog_cc_static_works=yes
lt_cv_prog_cc_wl=-Wl,
lt_cv_prog_gnu_ld=yes
lt_cv_sys_global_symbol_pipe='sed -n -e '\''s/^.*[ 	]\([ABCDGISTW][ABCDGISTW]*\)[ 	][ 	]*\(\)\([_A-Za-z][_A-Za-z0-9]*\)$/\1 \2\3 \3/p'\'''

## ----------------- ##
## Output variables. ##
## ----------------- ##

ACLOCAL='${SHELL} /forth/madplay/madplay5249/libmad-0.15.0b/missing --run aclocal-1.7'
AMDEPBACKSLASH='\'
AMDEP_FALSE='#'
AMDEP_TRUE=''
AMTAR='${SHELL} /forth/madplay/madplay5249/libmad-0.15.0b/missing --run tar'
ASO=' -DASO_ZEROCHECK'
ASO_OBJS=''
AUTOCONF='${SHELL} /forth/madplay/madplay5249/libmad-0.15.0b/missing --run autoconf'
AUTOHEADER='${SHELL} /forth/madplay/madplay5249/libmad-0.15.0b/missing --run autoheader'
AUTOMAKE='${SHELL} /forth/madplay/madplay5249/libmad-0.15.0b/missing --run automake-1.7'
AWK='gawk'
CC='gcc'
CCAS='$(CC)'
CCASFLAGS='$(CFLAGS)'
CCDEPMODE='depmode=gcc3'
CFLAGS='-Wall -march=i486 -g -O -fforce-mem -fforce-addr -fthread-jumps -fcse-follow-jumps -fcse-skip-blocks -fexpensive-optimizations -fregmove -fschedule-insns2 -fstrength-reduce'
CPP='gcc -E'
CPPFLAGS=''
CYGPATH_W='echo'
DEFS='-DHAVE_CONFIG_H'
DEPDIR='.deps'
ECHO='echo'
ECHO_C=''
ECHO_N='-n'
ECHO_T=''
EGREP='grep -E'
EXEEXT=''
FPM='-DFPM_INTEL'
INSTALL_DATA='${INSTALL} -m 644'
INSTALL_PROGRAM='${INSTALL}'
INSTALL_SCRIPT='${INSTALL}'
INSTALL_STRIP_PROGRAM='${SHELL} $(install_sh) -c -s'
LDFLAGS=''
LIBOBJS=''
LIBS=''
LIBTOOL='$(SHELL) $(top_builddir)/libtool'
LIBTOOL_DEPS='./ltmain.sh'
LN_S='ln -s'
LTLIBOBJS=''
MAKEINFO='${SHELL} /forth/madplay/madplay5249/libmad-0.15.0b/missing --run makeinfo'
OBJEXT='o'
PACKAGE='libmad'
PACKAGE_BUGREPORT='support@underbit.com'
PACKAGE_NAME='MPEG Audio Decoder'
PACKAGE_STRING='MPEG Audio Decoder 0.15.0b'
PACKAGE_TARNAME='libmad'
PACKAGE_VERSION='0.15.0b'
PATH_SEPARATOR=':'
RANLIB='ranlib'
SET_MAKE=''
SHELL='/bin/sh'
STRIP='strip'
VERSION='0.15.0b'
ac_ct_CC='gcc'
ac_ct_RANLIB='ranlib'
ac_ct_STRIP='strip'
am__fastdepCC_FALSE='#'
am__fastdepCC_TRUE=''
am__include='include'
am__leading_dot='.'
am__quote=''
bindir='${exec_prefix}/bin'
build='i686-pc-linux-gnu'
build_alias=''
build_cpu='i686'
build_os='linux-gnu'
build_vendor='pc'
datadir='${prefix}/share'
exec_prefix='${prefix}'
host='i686-pc-linux-gnu'
host_alias=''
host_cpu='i686'
host_os='linux-gnu'
host_vendor='pc'
includedir='${prefix}/include'
infodir='${prefix}/info'
install_sh='/forth/madplay/madplay5249/libmad-0.15.0b/install-sh'
libdir='${exec_prefix}/lib'
libexecdir='${exec_prefix}/libexec'
localstatedir='${prefix}/var'
mandir='${prefix}/man'
oldincludedir='/usr/include'
prefix='/usr/local'
program_transform_name='s,x,x,'
sbindir='${exec_prefix}/sbin'
sharedstatedir='${prefix}/com'
sysconfdir='${prefix}/etc'
target_alias=''

## ----------- ##
## confdefs.h. ##
## ----------- ##

#define HAVE_ASSERT_H 1
#define HAVE_DLFCN_H 1
#define HAVE_ERRNO_H 1
#define HAVE_FCNTL 1
#define HAVE_FCNTL_H 1
#define HAVE_FORK 1
#define HAVE_INTTYPES_H 1
#define HAVE_LIMITS_H 1
#define HAVE_MEMORY_H 1
#define HAVE_PIPE 1
#define HAVE_STDINT_H 1
#define HAVE_STDLIB_H 1
#define HAVE_STRINGS_H 1
#define HAVE_STRING_H 1
#define HAVE_SYS_STAT_H 1
#define HAVE_SYS_TYPES_H 1
#define HAVE_SYS_TYPES_H 1
#define HAVE_SYS_WAIT_H 1
#define HAVE_UNISTD_H 1
#define HAVE_UNISTD_H 1
#define HAVE_WAITPID 1
#define PACKAGE "libmad"
#define PACKAGE_BUGREPORT "support@underbit.com"
#define PACKAGE_NAME "MPEG Audio Decoder"
#define PACKAGE_STRING "MPEG Audio Decoder 0.15.0b"
#define PACKAGE_TARNAME "libmad"
#define PACKAGE_VERSION "0.15.0b"
#define SIZEOF_INT 4
#define SIZEOF_LONG 4
#define SIZEOF_LONG_LONG 8
#define STDC_HEADERS 1
#define STDC_HEADERS 1
#define VERSION "0.15.0b"

configure: exit 0
