This file contains any messages produced by compilers while
running configure, to aid debugging if configure makes a mistake.

It was created by ID3 Tag configure 0.15.0b, which was
generated by GNU Autoconf 2.57.  Invocation command line was

  $ ./configure 

## --------- ##
## Platform. ##
## --------- ##

hostname = localhost.localdomain
uname -m = i686
uname -r = 2.4.18-3
uname -s = Linux
uname -v = #1 Thu Apr 18 07:37:53 EDT 2002

/usr/bin/uname -p = unknown
/bin/uname -X     = unknown

/bin/arch              = i686
/usr/bin/arch -k       = unknown
/usr/convex/getsysinfo = unknown
hostinfo               = unknown
/bin/machine           = unknown
/usr/bin/oslevel       = unknown
/bin/universe          = unknown

PATH: /test/xscale-tools/H-i686-pc-linux-gnulibc2.1/bin
PATH: /test/xscale-tools/H-i686-pc-linux-gnulibc2.1/bin
PATH: /usr/kerberos/sbin
PATH: /usr/kerberos/bin
PATH: /usr/local/sbin
PATH: /usr/local/bin
PATH: /sbin
PATH: /bin
PATH: /usr/sbin
PATH: /usr/bin
PATH: /usr/X11R6/bin
PATH: /root/bin


## ----------- ##
## Core tests. ##
## ----------- ##

configure:1499: checking for a BSD-compatible install
configure:1553: result: /usr/bin/install -c
configure:1564: checking whether build environment is sane
configure:1607: result: yes
configure:1640: checking for gawk
configure:1656: found /bin/gawk
configure:1666: result: gawk
configure:1676: checking whether make sets $(MAKE)
configure:1696: result: yes
configure:1871: checking build system type
configure:1889: result: i686-pc-linux-gnu
configure:1897: checking host system type
configure:1911: result: i686-pc-linux-gnu
configure:1967: checking for gcc
configure:1983: found /usr/bin/gcc
configure:1993: result: gcc
configure:2237: checking for C compiler version
configure:2240: gcc --version </dev/null >&5
gcc (GCC) 3.2.2 20030222 (Red Hat Linux 3.2.2-5)
Copyright (C) 2002 Free Software Foundation, Inc.
This is free software; see the source for copying conditions.  There is NO
warranty; not even for MERCHANTABILITY or FITNESS FOR A PARTICULAR PURPOSE.

configure:2243: $? = 0
configure:2245: gcc -v </dev/null >&5
Reading specs from /usr/lib/gcc-lib/i386-redhat-linux/3.2.2/specs
Configured with: ../configure --prefix=/usr --mandir=/usr/share/man --infodir=/usr/share/info --enable-shared --enable-threads=posix --disable-checking --with-system-zlib --enable-__cxa_atexit --host=i386-redhat-linux
Thread model: posix
gcc version 3.2.2 20030222 (Red Hat Linux 3.2.2-5)
configure:2248: $? = 0
configure:2250: gcc -V </dev/null >&5
gcc: argument to `-V' is missing
configure:2253: $? = 1
configure:2277: checking for C compiler default output
configure:2280: gcc    conftest.c  >&5
configure:2283: $? = 0
configure:2329: result: a.out
configure:2334: checking whether the C compiler works
configure:2340: ./a.out
configure:2343: $? = 0
configure:2360: result: yes
configure:2367: checking whether we are cross compiling
configure:2369: result: no
configure:2372: checking for suffix of executables
configure:2374: gcc -o conftest    conftest.c  >&5
configure:2377: $? = 0
configure:2402: result: 
configure:2408: checking for suffix of object files
configure:2430: gcc -c   conftest.c >&5
configure:2433: $? = 0
configure:2455: result: o
configure:2459: checking whether we are using the GNU C compiler
configure:2484: gcc -c   conftest.c >&5
configure:2487: $? = 0
configure:2490: test -s conftest.o
configure:2493: $? = 0
configure:2506: result: yes
configure:2512: checking whether gcc accepts -g
configure:2534: gcc -c -g  conftest.c >&5
configure:2537: $? = 0
configure:2540: test -s conftest.o
configure:2543: $? = 0
configure:2554: result: yes
configure:2571: checking for gcc option to accept ANSI C
configure:2632: gcc  -c -g -O2  conftest.c >&5
configure:2635: $? = 0
configure:2638: test -s conftest.o
configure:2641: $? = 0
configure:2659: result: none needed
configure:2677: gcc -c -g -O2  conftest.c >&5
conftest.c:2: parse error before "me"
configure:2680: $? = 1
configure: failed program was:
| #ifndef __cplusplus
|   choke me
| #endif
configure:2800: checking for style of include used by make
configure:2828: result: GNU
configure:2856: checking dependency style of gcc
configure:2924: result: gcc3
configure:3045: checking for ld used by GCC
configure:3108: result: /usr/bin/ld
configure:3117: checking if the linker (/usr/bin/ld) is GNU ld
GNU ld version 2.13.90.0.18 20030206
configure:3129: result: yes
configure:3134: checking for /usr/bin/ld option to reload object files
configure:3141: result: -r
configure:3146: checking for BSD-compatible nm
configure:3182: result: /usr/bin/nm -B
configure:3185: checking for a sed that does not truncate output
configure:3267: result: /bin/sed
configure:3270: checking whether ln -s works
configure:3274: result: yes
configure:3281: checking how to recognise dependent libraries
configure:3462: result: pass_all
configure:3475: checking command to parse /usr/bin/nm -B output
configure:3559: gcc -c -g -O2  conftest.c >&5
configure:3562: $? = 0
configure:3566: /usr/bin/nm -B conftest.o \| sed -n -e 's/^.*[ 	]\([ABCDGISTW][ABCDGISTW]*\)[ 	][ 	]*\(\)\([_A-Za-z][_A-Za-z0-9]*\)$/\1 \2\3 \3/p' \> conftest.nm
configure:3569: $? = 0
configure:3621: gcc -o conftest -g -O2   conftest.c conftstm.o >&5
configure:3624: $? = 0
configure:3668: result: ok
configure:3677: checking how to run the C preprocessor
configure:3713: gcc -E  conftest.c
configure:3719: $? = 0
configure:3751: gcc -E  conftest.c
configure:3752:28: ac_nonexistent.h: No such file or directory
configure:3757: $? = 1
configure: failed program was:
| #line 3742 "configure"
| /* confdefs.h.  */
| 
| #define PACKAGE_NAME "ID3 Tag"
| #define PACKAGE_TARNAME "libid3tag"
| #define PACKAGE_VERSION "0.15.0b"
| #define PACKAGE_STRING "ID3 Tag 0.15.0b"
| #define PACKAGE_BUGREPORT "support@underbit.com"
| #define PACKAGE "libid3tag"
| #define VERSION "0.15.0b"
| /* end confdefs.h.  */
| #include <ac_nonexistent.h>
configure:3795: result: gcc -E
configure:3820: gcc -E  conftest.c
configure:3826: $? = 0
configure:3858: gcc -E  conftest.c
configure:3859:28: ac_nonexistent.h: No such file or directory
configure:3864: $? = 1
configure: failed program was:
| #line 3849 "configure"
| /* confdefs.h.  */
| 
| #define PACKAGE_NAME "ID3 Tag"
| #define PACKAGE_TARNAME "libid3tag"
| #define PACKAGE_VERSION "0.15.0b"
| #define PACKAGE_STRING "ID3 Tag 0.15.0b"
| #define PACKAGE_BUGREPORT "support@underbit.com"
| #define PACKAGE "libid3tag"
| #define VERSION "0.15.0b"
| /* end confdefs.h.  */
| #include <ac_nonexistent.h>
configure:3907: checking for egrep
configure:3917: result: grep -E
configure:3922: checking for ANSI C header files
configure:3948: gcc -c -g -O2  conftest.c >&5
configure:3951: $? = 0
configure:3954: test -s conftest.o
configure:3957: $? = 0
configure:4046: gcc -o conftest -g -O2   conftest.c  >&5
configure:4049: $? = 0
configure:4051: ./conftest
configure:4054: $? = 0
configure:4069: result: yes
configure:4093: checking for sys/types.h
configure:4110: gcc -c -g -O2  conftest.c >&5
configure:4113: $? = 0
configure:4116: test -s conftest.o
configure:4119: $? = 0
configure:4130: result: yes
configure:4093: checking for sys/stat.h
configure:4110: gcc -c -g -O2  conftest.c >&5
configure:4113: $? = 0
configure:4116: test -s conftest.o
configure:4119: $? = 0
configure:4130: result: yes
configure:4093: checking for stdlib.h
configure:4110: gcc -c -g -O2  conftest.c >&5
configure:4113: $? = 0
configure:4116: test -s conftest.o
configure:4119: $? = 0
configure:4130: result: yes
configure:4093: checking for string.h
configure:4110: gcc -c -g -O2  conftest.c >&5
configure:4113: $? = 0
configure:4116: test -s conftest.o
configure:4119: $? = 0
configure:4130: result: yes
configure:4093: checking for memory.h
configure:4110: gcc -c -g -O2  conftest.c >&5
configure:4113: $? = 0
configure:4116: test -s conftest.o
configure:4119: $? = 0
configure:4130: result: yes
configure:4093: checking for strings.h
configure:4110: gcc -c -g -O2  conftest.c >&5
configure:4113: $? = 0
configure:4116: test -s conftest.o
configure:4119: $? = 0
configure:4130: result: yes
configure:4093: checking for inttypes.h
configure:4110: gcc -c -g -O2  conftest.c >&5
configure:4113: $? = 0
configure:4116: test -s conftest.o
configure:4119: $? = 0
configure:4130: result: yes
configure:4093: checking for stdint.h
configure:4110: gcc -c -g -O2  conftest.c >&5
configure:4113: $? = 0
configure:4116: test -s conftest.o
configure:4119: $? = 0
configure:4130: result: yes
configure:4093: checking for unistd.h
configure:4110: gcc -c -g -O2  conftest.c >&5
configure:4113: $? = 0
configure:4116: test -s conftest.o
configure:4119: $? = 0
configure:4130: result: yes
configure:4156: checking dlfcn.h usability
configure:4169: gcc -c -g -O2  conftest.c >&5
configure:4172: $? = 0
configure:4175: test -s conftest.o
configure:4178: $? = 0
configure:4188: result: yes
configure:4192: checking dlfcn.h presence
configure:4203: gcc -E  conftest.c
configure:4209: $? = 0
configure:4228: result: yes
configure:4264: checking for dlfcn.h
configure:4271: result: yes
configure:4469: checking for ranlib
configure:4485: found /usr/bin/ranlib
configure:4496: result: ranlib
configure:4549: checking for strip
configure:4565: found /usr/bin/strip
configure:4576: result: strip
configure:4786: checking for objdir
configure:4797: result: .libs
configure:4814: checking for gcc option to produce PIC
configure:4960: result: -fPIC
configure:4964: checking if gcc PIC flag -fPIC works
configure:4988: gcc -c -g -O2 -fPIC -DPIC  conftest.c >&5
configure:4991: $? = 0
configure:4994: test -s conftest.o
configure:4997: $? = 0
configure:5035: result: yes
configure:5051: checking if gcc static flag -static works
configure:5076: gcc -o conftest -g -O2   -static conftest.c  >&5
configure:5079: $? = 0
configure:5082: test -s conftest
configure:5085: $? = 0
configure:5101: result: yes
configure:5113: checking if gcc supports -c -o file.o
configure:5136: gcc -c -g -O2 -o out/conftest2.o  conftest.c >&5
configure:5157: result: yes
configure:5162: checking if gcc supports -c -o file.lo
configure:5190: gcc -c -g -O2 -c -o conftest.lo  conftest.c >&5
configure:5193: $? = 0
configure:5196: test -s conftest.lo
configure:5199: $? = 0
configure:5221: result: yes
configure:5252: checking if gcc supports -fno-rtti -fno-exceptions
configure:5275: gcc -c -g -O2 -fno-rtti -fno-exceptions -c conftest.c  conftest.c >&5
configure:5278: $? = 0
configure:5281: test -s conftest.o
configure:5284: $? = 0
configure:5301: result: yes
configure:5312: checking whether the linker (/usr/bin/ld) supports shared libraries
configure:6007: result: yes
configure:6012: checking how to hardcode library paths into programs
configure:6036: result: immediate
configure:6041: checking whether stripping libraries is possible
configure:6046: result: yes
configure:6057: checking dynamic linker characteristics
configure:6477: result: GNU/Linux ld.so
configure:6482: checking if libtool supports shared libraries
configure:6484: result: yes
configure:6487: checking whether to build shared libraries
configure:6508: result: yes
configure:6511: checking whether to build static libraries
configure:6515: result: yes
configure:7189: checking whether -lc should be explicitly linked in
configure:7197: gcc -c -g -O2  conftest.c >&5
configure:7200: $? = 0
configure:7214: gcc -shared conftest.o  -v -Wl,-soname -Wl,conftest -o conftest 2\>\&1 \| grep  -lc  \>/dev/null 2\>\&1
configure:7217: $? = 0
configure:7230: result: no
configure:7858: checking for ANSI C header files
configure:8005: result: yes
configure:8030: checking assert.h usability
configure:8043: gcc -c -Wall  conftest.c >&5
configure:8046: $? = 0
configure:8049: test -s conftest.o
configure:8052: $? = 0
configure:8062: result: yes
configure:8066: checking assert.h presence
configure:8077: gcc -E  conftest.c
configure:8083: $? = 0
configure:8102: result: yes
configure:8138: checking for assert.h
configure:8145: result: yes
configure:8021: checking for unistd.h
configure:8026: result: yes
configure:8169: checking zlib.h usability
configure:8182: gcc -c -Wall  conftest.c >&5
configure:8185: $? = 0
configure:8188: test -s conftest.o
configure:8191: $? = 0
configure:8201: result: yes
configure:8205: checking zlib.h presence
configure:8216: gcc -E  conftest.c
configure:8222: $? = 0
configure:8241: result: yes
configure:8277: checking for zlib.h
configure:8284: result: yes
configure:8307: checking for an ANSI C-conforming const
configure:8375: gcc -c -Wall  conftest.c >&5
configure: In function `main':
configure:8363: warning: unused variable `s'
configure:8383: warning: unused variable `foo'
configure:8344: warning: unused variable `x'
configure:8350: warning: unused variable `zero'
configure:8378: $? = 0
configure:8381: test -s conftest.o
configure:8384: $? = 0
configure:8395: result: yes
configure:8405: checking for inline
configure:8427: gcc -c -Wall  conftest.c >&5
configure:8430: $? = 0
configure:8433: test -s conftest.o
configure:8436: $? = 0
configure:8448: result: inline
configure:8469: checking for ftruncate
configure:8519: gcc -o conftest -Wall   conftest.c  >&5
configure:8522: $? = 0
configure:8525: test -s conftest
configure:8528: $? = 0
configure:8539: result: yes
configure:8551: checking for compress2 in -lz
configure:8582: gcc -o conftest -Wall   conftest.c -lz   >&5
configure:8585: $? = 0
configure:8588: test -s conftest
configure:8591: $? = 0
configure:8603: result: yes
configure:8683: checking whether to enable profiling
configure:8694: result: no
configure:8697: checking whether to enable debugging
configure:8734: result: default
configure:8872: creating ./config.status

## ---------------------- ##
## Running config.status. ##
## ---------------------- ##

This file was extended by ID3 Tag config.status 0.15.0b, which was
generated by GNU Autoconf 2.57.  Invocation command line was

  CONFIG_FILES    = 
  CONFIG_HEADERS  = 
  CONFIG_LINKS    = 
  CONFIG_COMMANDS = 
  $ ./config.status 

on localhost.localdomain

config.status:670: creating Makefile
config.status:670: creating msvc++/Makefile
config.status:670: creating libid3tag.list
config.status:774: creating config.h
config.status:1013: executing depfiles commands

## ---------------- ##
## Cache variables. ##
## ---------------- ##

ac_cv_build=i686-pc-linux-gnu
ac_cv_build_alias=i686-pc-linux-gnu
ac_cv_c_compiler_gnu=yes
ac_cv_c_const=yes
ac_cv_c_inline=inline
ac_cv_env_CC_set=
ac_cv_env_CC_value=
ac_cv_env_CFLAGS_set=
ac_cv_env_CFLAGS_value=
ac_cv_env_CPPFLAGS_set=
ac_cv_env_CPPFLAGS_value=
ac_cv_env_CPP_set=
ac_cv_env_CPP_value=
ac_cv_env_LDFLAGS_set=
ac_cv_env_LDFLAGS_value=
ac_cv_env_build_alias_set=
ac_cv_env_build_alias_value=
ac_cv_env_host_alias_set=
ac_cv_env_host_alias_value=
ac_cv_env_target_alias_set=
ac_cv_env_target_alias_value=
ac_cv_exeext=
ac_cv_func_ftruncate=yes
ac_cv_header_assert_h=yes
ac_cv_header_dlfcn_h=yes
ac_cv_header_inttypes_h=yes
ac_cv_header_memory_h=yes
ac_cv_header_stdc=yes
ac_cv_header_stdint_h=yes
ac_cv_header_stdlib_h=yes
ac_cv_header_string_h=yes
ac_cv_header_strings_h=yes
ac_cv_header_sys_stat_h=yes
ac_cv_header_sys_types_h=yes
ac_cv_header_unistd_h=yes
ac_cv_header_zlib_h=yes
ac_cv_host=i686-pc-linux-gnu
ac_cv_host_alias=i686-pc-linux-gnu
ac_cv_lib_z_compress2=yes
ac_cv_objext=o
ac_cv_path_install='/usr/bin/install -c'
ac_cv_prog_AWK=gawk
ac_cv_prog_CPP='gcc -E'
ac_cv_prog_ac_ct_CC=gcc
ac_cv_prog_ac_ct_RANLIB=ranlib
ac_cv_prog_ac_ct_STRIP=strip
ac_cv_prog_cc_g=yes
ac_cv_prog_cc_stdc=
ac_cv_prog_egrep='grep -E'
ac_cv_prog_make_make_set=yes
am_cv_CC_dependencies_compiler_type=gcc3
lt_cv_archive_cmds_need_lc=no
lt_cv_compiler_c_o=yes
lt_cv_compiler_o_lo=yes
lt_cv_deplibs_check_method=pass_all
lt_cv_file_magic_cmd='$MAGIC_CMD'
lt_cv_file_magic_test_file='/lib/libc.so.6 /lib/libc-2.3.2.so'
lt_cv_global_symbol_to_c_name_address='sed -n -e '\''s/^: \([^ ]*\) $/  {\"\1\", (lt_ptr) 0},/p'\'' -e '\''s/^[BCDEGRST] \([^ ]*\) \([^ ]*\)$/  {"\2", (lt_ptr) \&\2},/p'\'''
lt_cv_global_symbol_to_cdecl='sed -n -e '\''s/^. .* \(.*\)$/extern char \1;/p'\'''
lt_cv_ld_reload_flag=-r
lt_cv_path_LD=/usr/bin/ld
lt_cv_path_NM='/usr/bin/nm -B'
lt_cv_path_SED=/bin/sed
lt_cv_prog_cc_can_build_shared=yes
lt_cv_prog_cc_no_builtin=
lt_cv_prog_cc_pic=' -fPIC'
lt_cv_prog_cc_pic_works=yes
lt_cv_prog_cc_shlib=
lt_cv_prog_cc_static=-static
lt_cv_prog_cc_static_works=yes
lt_cv_prog_cc_wl=-Wl,
lt_cv_prog_gnu_ld=yes
lt_cv_sys_global_symbol_pipe='sed -n -e '\''s/^.*[ 	]\([ABCDGISTW][ABCDGISTW]*\)[ 	][ 	]*\(\)\([_A-Za-z][_A-Za-z0-9]*\)$/\1 \2\3 \3/p'\'''

## ----------------- ##
## Output variables. ##
## ----------------- ##

ACLOCAL='${SHELL} /forth/madplay/madplay5249/libid3tag-0.15.0b/missing --run aclocal-1.7'
AMDEPBACKSLASH='\'
AMDEP_FALSE='#'
AMDEP_TRUE=''
AMTAR='${SHELL} /forth/madplay/madplay5249/libid3tag-0.15.0b/missing --run tar'
AUTOCONF='${SHELL} /forth/madplay/madplay5249/libid3tag-0.15.0b/missing --run autoconf'
AUTOHEADER='${SHELL} /forth/madplay/madplay5249/libid3tag-0.15.0b/missing --run autoheader'
AUTOMAKE='${SHELL} /forth/madplay/madplay5249/libid3tag-0.15.0b/missing --run automake-1.7'
AWK='gawk'
CC='gcc'
CCDEPMODE='depmode=gcc3'
CFLAGS='-Wall -g -O2'
CPP='gcc -E'
CPPFLAGS=''
CYGPATH_W='echo'
DEBUG_FALSE=''
DEBUG_TRUE='#'
DEFS='-DHAVE_CONFIG_H'
DEPDIR='.deps'
ECHO='echo'
ECHO_C=''
ECHO_N='-n'
ECHO_T=''
EGREP='grep -E'
EXEEXT=''
INSTALL_DATA='${INSTALL} -m 644'
INSTALL_PROGRAM='${INSTALL}'
INSTALL_SCRIPT='${INSTALL}'
INSTALL_STRIP_PROGRAM='${SHELL} $(install_sh) -c -s'
LDFLAGS=''
LIBOBJS=''
LIBS='-lz '
LIBTOOL='$(SHELL) $(top_builddir)/libtool'
LIBTOOL_DEPS='./ltmain.sh'
LN_S='ln -s'
LTLIBOBJS=''
MAKEINFO='${SHELL} /forth/madplay/madplay5249/libid3tag-0.15.0b/missing --run makeinfo'
OBJEXT='o'
PACKAGE='libid3tag'
PACKAGE_BUGREPORT='support@underbit.com'
PACKAGE_NAME='ID3 Tag'
PACKAGE_STRING='ID3 Tag 0.15.0b'
PACKAGE_TARNAME='libid3tag'
PACKAGE_VERSION='0.15.0b'
PATH_SEPARATOR=':'
RANLIB='ranlib'
SET_MAKE=''
SHELL='/bin/sh'
STRIP='strip'
VERSION='0.15.0b'
ac_ct_CC='gcc'
ac_ct_RANLIB='ranlib'
ac_ct_STRIP='strip'
am__fastdepCC_FALSE='#'
am__fastdepCC_TRUE=''
am__include='include'
am__leading_dot='.'
am__quote=''
bindir='${exec_prefix}/bin'
build='i686-pc-linux-gnu'
build_alias=''
build_cpu='i686'
build_os='linux-gnu'
build_vendor='pc'
datadir='${prefix}/share'
exec_prefix='${prefix}'
host='i686-pc-linux-gnu'
host_alias=''
host_cpu='i686'
host_os='linux-gnu'
host_vendor='pc'
includedir='${prefix}/include'
infodir='${prefix}/info'
install_sh='/forth/madplay/madplay5249/libid3tag-0.15.0b/install-sh'
libdir='${exec_prefix}/lib'
libexecdir='${exec_prefix}/libexec'
localstatedir='${prefix}/var'
mandir='${prefix}/man'
oldincludedir='/usr/include'
prefix='/usr/local'
program_transform_name='s,x,x,'
sbindir='${exec_prefix}/sbin'
sharedstatedir='${prefix}/com'
sysconfdir='${prefix}/etc'
target_alias=''

## ----------- ##
## confdefs.h. ##
## ----------- ##

#define HAVE_ASSERT_H 1
#define HAVE_DLFCN_H 1
#define HAVE_FTRUNCATE 1
#define HAVE_INTTYPES_H 1
#define HAVE_LIBZ 1
#define HAVE_MEMORY_H 1
#define HAVE_STDINT_H 1
#define HAVE_STDLIB_H 1
#define HAVE_STRINGS_H 1
#define HAVE_STRING_H 1
#define HAVE_SYS_STAT_H 1
#define HAVE_SYS_TYPES_H 1
#define HAVE_UNISTD_H 1
#define HAVE_UNISTD_H 1
#define PACKAGE "libid3tag"
#define PACKAGE_BUGREPORT "support@underbit.com"
#define PACKAGE_NAME "ID3 Tag"
#define PACKAGE_STRING "ID3 Tag 0.15.0b"
#define PACKAGE_TARNAME "libid3tag"
#define PACKAGE_VERSION "0.15.0b"
#define STDC_HEADERS 1
#define STDC_HEADERS 1
#define VERSION "0.15.0b"

configure: exit 0
