This file contains any messages produced by compilers while
running configure, to aid debugging if configure makes a mistake.

It was created by MPEG audio decoder and player configure 0.15.0b, which was
generated by GNU Autoconf 2.57.  Invocation command line was

  $ ./configure 

## --------- ##
## Platform. ##
## --------- ##

hostname = work182
uname -m = i686
uname -r = 2.4.20-8
uname -s = Linux
uname -v = #1 Thu Mar 13 17:18:24 EST 2003

/usr/bin/uname -p = unknown
/bin/uname -X     = unknown

/bin/arch              = i686
/usr/bin/arch -k       = unknown
/usr/convex/getsysinfo = unknown
hostinfo               = unknown
/bin/machine           = unknown
/usr/bin/oslevel       = unknown
/bin/universe          = unknown

PATH: /usr/kerberos/sbin
PATH: /usr/kerberos/bin
PATH: /bin
PATH: /sbin
PATH: /usr/bin
PATH: /usr/sbin
PATH: /usr/local/bin
PATH: /usr/local/sbin
PATH: /usr/bin/X11
PATH: /usr/X11R6/bin
PATH: /root/bin


## ----------- ##
## Core tests. ##
## ----------- ##

configure:1510: checking for a BSD-compatible install
configure:1564: result: /usr/bin/install -c
configure:1575: checking whether build environment is sane
configure:1618: result: yes
configure:1651: checking for gawk
configure:1667: found /bin/gawk
configure:1677: result: gawk
configure:1687: checking whether make sets $(MAKE)
configure:1707: result: yes
configure:1882: checking build system type
configure:1900: result: i686-pc-linux-gnu
configure:1908: checking host system type
configure:1922: result: i686-pc-linux-gnu
configure:1985: checking for gcc
configure:2001: found /usr/bin/gcc
configure:2011: result: gcc
configure:2255: checking for C compiler version
configure:2258: gcc --version </dev/null >&5
gcc (GCC) 3.2.2 20030222 (Red Hat Linux 3.2.2-5)
Copyright (C) 2002 Free Software Foundation, Inc.
This is free software; see the source for copying conditions.  There is NO
warranty; not even for MERCHANTABILITY or FITNESS FOR A PARTICULAR PURPOSE.

configure:2261: $? = 0
configure:2263: gcc -v </dev/null >&5
Reading specs from /usr/lib/gcc-lib/i386-redhat-linux/3.2.2/specs
Configured with: ../configure --prefix=/usr --mandir=/usr/share/man --infodir=/usr/share/info --enable-shared --enable-threads=posix --disable-checking --with-system-zlib --enable-__cxa_atexit --host=i386-redhat-linux
Thread model: posix
gcc version 3.2.2 20030222 (Red Hat Linux 3.2.2-5)
configure:2266: $? = 0
configure:2268: gcc -V </dev/null >&5
gcc: argument to `-V' is missing
configure:2271: $? = 1
configure:2295: checking for C compiler default output
configure:2298: gcc    conftest.c  >&5
configure:2301: $? = 0
configure:2347: result: a.out
configure:2352: checking whether the C compiler works
configure:2358: ./a.out
configure:2361: $? = 0
configure:2378: result: yes
configure:2385: checking whether we are cross compiling
configure:2387: result: no
configure:2390: checking for suffix of executables
configure:2392: gcc -o conftest    conftest.c  >&5
configure:2395: $? = 0
configure:2420: result: 
configure:2426: checking for suffix of object files
configure:2448: gcc -c   conftest.c >&5
configure:2451: $? = 0
configure:2473: result: o
configure:2477: checking whether we are using the GNU C compiler
configure:2502: gcc -c   conftest.c >&5
configure:2505: $? = 0
configure:2508: test -s conftest.o
configure:2511: $? = 0
configure:2524: result: yes
configure:2530: checking whether gcc accepts -g
configure:2552: gcc -c -g  conftest.c >&5
configure:2555: $? = 0
configure:2558: test -s conftest.o
configure:2561: $? = 0
configure:2572: result: yes
configure:2589: checking for gcc option to accept ANSI C
configure:2650: gcc  -c -g -O2  conftest.c >&5
configure:2653: $? = 0
configure:2656: test -s conftest.o
configure:2659: $? = 0
configure:2677: result: none needed
configure:2695: gcc -c -g -O2  conftest.c >&5
conftest.c:2: parse error before "me"
configure:2698: $? = 1
configure: failed program was:
| #ifndef __cplusplus
|   choke me
| #endif
configure:2818: checking for style of include used by make
configure:2846: result: GNU
configure:2874: checking dependency style of gcc
configure:2942: result: gcc3
configure:3062: checking for ld used by GCC
configure:3125: result: /usr/bin/ld
configure:3134: checking if the linker (/usr/bin/ld) is GNU ld
GNU ld version 2.13.90.0.18 20030206
configure:3146: result: yes
configure:3151: checking for /usr/bin/ld option to reload object files
configure:3158: result: -r
configure:3163: checking for BSD-compatible nm
configure:3199: result: /usr/bin/nm -B
configure:3202: checking for a sed that does not truncate output
configure:3284: result: /bin/sed
configure:3287: checking whether ln -s works
configure:3291: result: yes
configure:3298: checking how to recognise dependent libraries
configure:3479: result: pass_all
configure:3492: checking command to parse /usr/bin/nm -B output
configure:3576: gcc -c -g -O2  conftest.c >&5
configure:3579: $? = 0
configure:3583: /usr/bin/nm -B conftest.o \| sed -n -e 's/^.*[ 	]\([ABCDGISTW][ABCDGISTW]*\)[ 	][ 	]*\(\)\([_A-Za-z][_A-Za-z0-9]*\)$/\1 \2\3 \3/p' \> conftest.nm
configure:3586: $? = 0
configure:3638: gcc -o conftest -g -O2   conftest.c conftstm.o >&5
configure:3641: $? = 0
configure:3685: result: ok
configure:3694: checking how to run the C preprocessor
configure:3730: gcc -E  conftest.c
configure:3736: $? = 0
configure:3768: gcc -E  conftest.c
configure:3769:28: ac_nonexistent.h: No such file or directory
configure:3774: $? = 1
configure: failed program was:
| #line 3759 "configure"
| /* confdefs.h.  */
| 
| #define PACKAGE_NAME "MPEG audio decoder and player"
| #define PACKAGE_TARNAME "madplay"
| #define PACKAGE_VERSION "0.15.0b"
| #define PACKAGE_STRING "MPEG audio decoder and player 0.15.0b"
| #define PACKAGE_BUGREPORT "rob@mars.org"
| #define PACKAGE "madplay"
| #define VERSION "0.15.0b"
| /* end confdefs.h.  */
| #include <ac_nonexistent.h>
configure:3812: result: gcc -E
configure:3837: gcc -E  conftest.c
configure:3843: $? = 0
configure:3875: gcc -E  conftest.c
configure:3876:28: ac_nonexistent.h: No such file or directory
configure:3881: $? = 1
configure: failed program was:
| #line 3866 "configure"
| /* confdefs.h.  */
| 
| #define PACKAGE_NAME "MPEG audio decoder and player"
| #define PACKAGE_TARNAME "madplay"
| #define PACKAGE_VERSION "0.15.0b"
| #define PACKAGE_STRING "MPEG audio decoder and player 0.15.0b"
| #define PACKAGE_BUGREPORT "rob@mars.org"
| #define PACKAGE "madplay"
| #define VERSION "0.15.0b"
| /* end confdefs.h.  */
| #include <ac_nonexistent.h>
configure:3924: checking for egrep
configure:3934: result: grep -E
configure:3939: checking for ANSI C header files
configure:3965: gcc -c -g -O2  conftest.c >&5
configure:3968: $? = 0
configure:3971: test -s conftest.o
configure:3974: $? = 0
configure:4063: gcc -o conftest -g -O2   conftest.c  >&5
configure:4066: $? = 0
configure:4068: ./conftest
configure:4071: $? = 0
configure:4086: result: yes
configure:4110: checking for sys/types.h
configure:4127: gcc -c -g -O2  conftest.c >&5
configure:4130: $? = 0
configure:4133: test -s conftest.o
configure:4136: $? = 0
configure:4147: result: yes
configure:4110: checking for sys/stat.h
configure:4127: gcc -c -g -O2  conftest.c >&5
configure:4130: $? = 0
configure:4133: test -s conftest.o
configure:4136: $? = 0
configure:4147: result: yes
configure:4110: checking for stdlib.h
configure:4127: gcc -c -g -O2  conftest.c >&5
configure:4130: $? = 0
configure:4133: test -s conftest.o
configure:4136: $? = 0
configure:4147: result: yes
configure:4110: checking for string.h
configure:4127: gcc -c -g -O2  conftest.c >&5
configure:4130: $? = 0
configure:4133: test -s conftest.o
configure:4136: $? = 0
configure:4147: result: yes
configure:4110: checking for memory.h
configure:4127: gcc -c -g -O2  conftest.c >&5
configure:4130: $? = 0
configure:4133: test -s conftest.o
configure:4136: $? = 0
configure:4147: result: yes
configure:4110: checking for strings.h
configure:4127: gcc -c -g -O2  conftest.c >&5
configure:4130: $? = 0
configure:4133: test -s conftest.o
configure:4136: $? = 0
configure:4147: result: yes
configure:4110: checking for inttypes.h
configure:4127: gcc -c -g -O2  conftest.c >&5
configure:4130: $? = 0
configure:4133: test -s conftest.o
configure:4136: $? = 0
configure:4147: result: yes
configure:4110: checking for stdint.h
configure:4127: gcc -c -g -O2  conftest.c >&5
configure:4130: $? = 0
configure:4133: test -s conftest.o
configure:4136: $? = 0
configure:4147: result: yes
configure:4110: checking for unistd.h
configure:4127: gcc -c -g -O2  conftest.c >&5
configure:4130: $? = 0
configure:4133: test -s conftest.o
configure:4136: $? = 0
configure:4147: result: yes
configure:4173: checking dlfcn.h usability
configure:4186: gcc -c -g -O2  conftest.c >&5
configure:4189: $? = 0
configure:4192: test -s conftest.o
configure:4195: $? = 0
configure:4205: result: yes
configure:4209: checking dlfcn.h presence
configure:4220: gcc -E  conftest.c
configure:4226: $? = 0
configure:4245: result: yes
configure:4281: checking for dlfcn.h
configure:4288: result: yes
configure:4486: checking for ranlib
configure:4502: found /usr/bin/ranlib
configure:4513: result: ranlib
configure:4566: checking for strip
configure:4582: found /usr/bin/strip
configure:4593: result: strip
configure:4803: checking for objdir
configure:4814: result: .libs
configure:4831: checking for gcc option to produce PIC
configure:4977: result: -fPIC
configure:4981: checking if gcc PIC flag -fPIC works
configure:5005: gcc -c -g -O2 -fPIC -DPIC  conftest.c >&5
configure:5008: $? = 0
configure:5011: test -s conftest.o
configure:5014: $? = 0
configure:5052: result: yes
configure:5068: checking if gcc static flag -static works
configure:5093: gcc -o conftest -g -O2   -static conftest.c  >&5
configure:5096: $? = 0
configure:5099: test -s conftest
configure:5102: $? = 0
configure:5118: result: yes
configure:5130: checking if gcc supports -c -o file.o
configure:5153: gcc -c -g -O2 -o out/conftest2.o  conftest.c >&5
configure:5174: result: yes
configure:5179: checking if gcc supports -c -o file.lo
configure:5207: gcc -c -g -O2 -c -o conftest.lo  conftest.c >&5
configure:5210: $? = 0
configure:5213: test -s conftest.lo
configure:5216: $? = 0
configure:5238: result: yes
configure:5269: checking if gcc supports -fno-rtti -fno-exceptions
configure:5292: gcc -c -g -O2 -fno-rtti -fno-exceptions -c conftest.c  conftest.c >&5
configure:5295: $? = 0
configure:5298: test -s conftest.o
configure:5301: $? = 0
configure:5318: result: yes
configure:5329: checking whether the linker (/usr/bin/ld) supports shared libraries
configure:6024: result: yes
configure:6029: checking how to hardcode library paths into programs
configure:6053: result: immediate
configure:6058: checking whether stripping libraries is possible
configure:6063: result: yes
configure:6074: checking dynamic linker characteristics
configure:6494: result: GNU/Linux ld.so
configure:6499: checking if libtool supports shared libraries
configure:6501: result: yes
configure:6504: checking whether to build shared libraries
configure:6525: result: no
configure:6528: checking whether to build static libraries
configure:6532: result: yes
configure:7914: checking for msgfmt
configure:7942: result: /usr/bin/msgfmt
configure:7951: checking for gmsgfmt
configure:7982: result: /usr/bin/msgfmt
configure:7992: checking for xgettext
configure:8020: result: /usr/bin/xgettext
configure:8031: checking for msgmerge
configure:8058: result: /usr/bin/msgmerge
configure:8134: checking for ranlib
configure:8161: result: ranlib
configure:8174: checking for strerror in -lcposix
configure:8205: gcc -o conftest -Wall   conftest.c -lcposix   >&5
/usr/bin/ld: cannot find -lcposix
collect2: ld returned 1 exit status
configure:8208: $? = 1
configure: failed program was:
| #line 8181 "configure"
| /* confdefs.h.  */
| 
| #define PACKAGE_NAME "MPEG audio decoder and player"
| #define PACKAGE_TARNAME "madplay"
| #define PACKAGE_VERSION "0.15.0b"
| #define PACKAGE_STRING "MPEG audio decoder and player 0.15.0b"
| #define PACKAGE_BUGREPORT "rob@mars.org"
| #define PACKAGE "madplay"
| #define VERSION "0.15.0b"
| #define STDC_HEADERS 1
| #define HAVE_SYS_TYPES_H 1
| #define HAVE_SYS_STAT_H 1
| #define HAVE_STDLIB_H 1
| #define HAVE_STRING_H 1
| #define HAVE_MEMORY_H 1
| #define HAVE_STRINGS_H 1
| #define HAVE_INTTYPES_H 1
| #define HAVE_STDINT_H 1
| #define HAVE_UNISTD_H 1
| #define HAVE_DLFCN_H 1
| /* end confdefs.h.  */
| 
| /* Override any gcc2 internal prototype to avoid an error.  */
| #ifdef __cplusplus
| extern "C"
| #endif
| /* We use char because int might match the return type of a gcc2
|    builtin and then its argument prototype would still apply.  */
| char strerror ();
| int
| main ()
| {
| strerror ();
|   ;
|   return 0;
| }
configure:8226: result: no
configure:8234: checking for an ANSI C-conforming const
configure:8302: gcc -c -Wall  conftest.c >&5
configure: In function `main':
configure:8287: warning: unused variable `s'
configure:8307: warning: unused variable `foo'
configure:8268: warning: unused variable `x'
configure:8274: warning: unused variable `zero'
configure:8305: $? = 0
configure:8308: test -s conftest.o
configure:8311: $? = 0
configure:8322: result: yes
configure:8332: checking for inline
configure:8354: gcc -c -Wall  conftest.c >&5
configure:8357: $? = 0
configure:8360: test -s conftest.o
configure:8363: $? = 0
configure:8375: result: inline
configure:8390: checking for off_t
configure:8415: gcc -c -Wall  conftest.c >&5
configure:8418: $? = 0
configure:8421: test -s conftest.o
configure:8424: $? = 0
configure:8435: result: yes
configure:8447: checking for size_t
configure:8472: gcc -c -Wall  conftest.c >&5
configure:8475: $? = 0
configure:8478: test -s conftest.o
configure:8481: $? = 0
configure:8492: result: yes
configure:8506: checking for working alloca.h
configure:8528: gcc -o conftest -Wall   conftest.c  >&5
configure: In function `main':
configure:8536: warning: unused variable `p'
configure:8531: $? = 0
configure:8534: test -s conftest
configure:8537: $? = 0
configure:8548: result: yes
configure:8558: checking for alloca
configure:8600: gcc -o conftest -Wall   conftest.c  >&5
configure: In function `main':
configure:8609: warning: unused variable `p'
configure:8603: $? = 0
configure:8606: test -s conftest
configure:8609: $? = 0
configure:8620: result: yes
configure:8833: checking for stdlib.h
configure:8838: result: yes
configure:8833: checking for unistd.h
configure:8838: result: yes
configure:8974: checking for getpagesize
configure:9024: gcc -o conftest -Wall   conftest.c  >&5
configure:9027: $? = 0
configure:9030: test -s conftest
configure:9033: $? = 0
configure:9044: result: yes
configure:9054: checking for working mmap
configure:9197: gcc -o conftest -Wall   conftest.c  >&5
configure:9200: $? = 0
configure:9202: ./conftest
configure:9205: $? = 0
configure:9219: result: yes
configure:9231: checking whether we are using the GNU C Library 2.1 or newer
configure:9263: result: yes
configure:9271: checking whether integer division by zero raises SIGFPE
configure:9334: gcc -o conftest -Wall   conftest.c  >&5
configure:9337: $? = 0
configure:9339: ./conftest
configure:9342: $? = 0
configure:9357: result: yes
configure:9370: checking for inttypes.h
configure:9393: gcc -c -Wall  conftest.c >&5
configure: In function `main':
configure:9408: warning: unused variable `i'
configure:9396: $? = 0
configure:9399: test -s conftest.o
configure:9402: $? = 0
configure:9413: result: yes
configure:9424: checking for stdint.h
configure:9447: gcc -c -Wall  conftest.c >&5
configure: In function `main':
configure:9463: warning: unused variable `i'
configure:9450: $? = 0
configure:9453: test -s conftest.o
configure:9456: $? = 0
configure:9467: result: yes
configure:9478: checking for unsigned long long
configure:9501: gcc -o conftest -Wall   conftest.c  >&5
configure:9504: $? = 0
configure:9507: test -s conftest
configure:9510: $? = 0
configure:9521: result: yes
configure:9547: checking for inttypes.h
configure:9571: gcc -c -Wall  conftest.c >&5
configure:9574: $? = 0
configure:9577: test -s conftest.o
configure:9580: $? = 0
configure:9592: result: yes
configure:9605: checking whether the inttypes.h PRIxNN macros are broken
configure:9632: gcc -c -Wall  conftest.c >&5
configure:9635: $? = 0
configure:9638: test -s conftest.o
configure:9641: $? = 0
configure:9653: result: no
configure:9691: checking for ld used by GCC
configure:9754: result: /usr/bin/ld
configure:9763: checking if the linker (/usr/bin/ld) is GNU ld
GNU ld version 2.13.90.0.18 20030206
configure:9775: result: yes
configure:9781: checking for shared library run path origin
configure:9794: result: done
configure:10222: checking argz.h usability
configure:10235: gcc -c -Wall  conftest.c >&5
configure:10238: $? = 0
configure:10241: test -s conftest.o
configure:10244: $? = 0
configure:10254: result: yes
configure:10258: checking argz.h presence
configure:10269: gcc -E  conftest.c
configure:10275: $? = 0
configure:10294: result: yes
configure:10330: checking for argz.h
configure:10337: result: yes
configure:10222: checking limits.h usability
configure:10235: gcc -c -Wall  conftest.c >&5
configure:10238: $? = 0
configure:10241: test -s conftest.o
configure:10244: $? = 0
configure:10254: result: yes
configure:10258: checking limits.h presence
configure:10269: gcc -E  conftest.c
configure:10275: $? = 0
configure:10294: result: yes
configure:10330: checking for limits.h
configure:10337: result: yes
configure:10222: checking locale.h usability
configure:10235: gcc -c -Wall  conftest.c >&5
configure:10238: $? = 0
configure:10241: test -s conftest.o
configure:10244: $? = 0
configure:10254: result: yes
configure:10258: checking locale.h presence
configure:10269: gcc -E  conftest.c
configure:10275: $? = 0
configure:10294: result: yes
configure:10330: checking for locale.h
configure:10337: result: yes
configure:10222: checking nl_types.h usability
configure:10235: gcc -c -Wall  conftest.c >&5
configure:10238: $? = 0
configure:10241: test -s conftest.o
configure:10244: $? = 0
configure:10254: result: yes
configure:10258: checking nl_types.h presence
configure:10269: gcc -E  conftest.c
configure:10275: $? = 0
configure:10294: result: yes
configure:10330: checking for nl_types.h
configure:10337: result: yes
configure:10222: checking malloc.h usability
configure:10235: gcc -c -Wall  conftest.c >&5
configure:10238: $? = 0
configure:10241: test -s conftest.o
configure:10244: $? = 0
configure:10254: result: yes
configure:10258: checking malloc.h presence
configure:10269: gcc -E  conftest.c
configure:10275: $? = 0
configure:10294: result: yes
configure:10330: checking for malloc.h
configure:10337: result: yes
configure:10222: checking stddef.h usability
configure:10235: gcc -c -Wall  conftest.c >&5
configure:10238: $? = 0
configure:10241: test -s conftest.o
configure:10244: $? = 0
configure:10254: result: yes
configure:10258: checking stddef.h presence
configure:10269: gcc -E  conftest.c
configure:10275: $? = 0
configure:10294: result: yes
configure:10330: checking for stddef.h
configure:10337: result: yes
configure:10213: checking for stdlib.h
configure:10218: result: yes
configure:10213: checking for string.h
configure:10218: result: yes
configure:10213: checking for unistd.h
configure:10218: result: yes
configure:10222: checking sys/param.h usability
configure:10235: gcc -c -Wall  conftest.c >&5
configure:10238: $? = 0
configure:10241: test -s conftest.o
configure:10244: $? = 0
configure:10254: result: yes
configure:10258: checking sys/param.h presence
configure:10269: gcc -E  conftest.c
configure:10275: $? = 0
configure:10294: result: yes
configure:10330: checking for sys/param.h
configure:10337: result: yes
configure:10376: checking for feof_unlocked
configure:10426: gcc -o conftest -Wall   conftest.c  >&5
configure:10429: $? = 0
configure:10432: test -s conftest
configure:10435: $? = 0
configure:10446: result: yes
configure:10376: checking for fgets_unlocked
configure:10426: gcc -o conftest -Wall   conftest.c  >&5
configure:10429: $? = 0
configure:10432: test -s conftest
configure:10435: $? = 0
configure:10446: result: yes
configure:10376: checking for getc_unlocked
configure:10426: gcc -o conftest -Wall   conftest.c  >&5
configure:10429: $? = 0
configure:10432: test -s conftest
configure:10435: $? = 0
configure:10446: result: yes
configure:10376: checking for getcwd
configure:10426: gcc -o conftest -Wall   conftest.c  >&5
configure:10429: $? = 0
configure:10432: test -s conftest
configure:10435: $? = 0
configure:10446: result: yes
configure:10376: checking for getegid
configure:10426: gcc -o conftest -Wall   conftest.c  >&5
configure:10429: $? = 0
configure:10432: test -s conftest
configure:10435: $? = 0
configure:10446: result: yes
configure:10376: checking for geteuid
configure:10426: gcc -o conftest -Wall   conftest.c  >&5
configure:10429: $? = 0
configure:10432: test -s conftest
configure:10435: $? = 0
configure:10446: result: yes
configure:10376: checking for getgid
configure:10426: gcc -o conftest -Wall   conftest.c  >&5
configure:10429: $? = 0
configure:10432: test -s conftest
configure:10435: $? = 0
configure:10446: result: yes
configure:10376: checking for getuid
configure:10426: gcc -o conftest -Wall   conftest.c  >&5
configure:10429: $? = 0
configure:10432: test -s conftest
configure:10435: $? = 0
configure:10446: result: yes
configure:10376: checking for mempcpy
configure:10426: gcc -o conftest -Wall   conftest.c  >&5
configure:10429: $? = 0
configure:10432: test -s conftest
configure:10435: $? = 0
configure:10446: result: yes
configure:10376: checking for munmap
configure:10426: gcc -o conftest -Wall   conftest.c  >&5
configure:10429: $? = 0
configure:10432: test -s conftest
configure:10435: $? = 0
configure:10446: result: yes
configure:10376: checking for putenv
configure:10426: gcc -o conftest -Wall   conftest.c  >&5
configure:10429: $? = 0
configure:10432: test -s conftest
configure:10435: $? = 0
configure:10446: result: yes
configure:10376: checking for setenv
configure:10426: gcc -o conftest -Wall   conftest.c  >&5
configure:10429: $? = 0
configure:10432: test -s conftest
configure:10435: $? = 0
configure:10446: result: yes
configure:10376: checking for setlocale
configure:10426: gcc -o conftest -Wall   conftest.c  >&5
configure:10429: $? = 0
configure:10432: test -s conftest
configure:10435: $? = 0
configure:10446: result: yes
configure:10376: checking for stpcpy
configure:10426: gcc -o conftest -Wall   conftest.c  >&5
configure:10429: $? = 0
configure:10432: test -s conftest
configure:10435: $? = 0
configure:10446: result: yes
configure:10376: checking for strcasecmp
configure:10426: gcc -o conftest -Wall   conftest.c  >&5
configure:10429: $? = 0
configure:10432: test -s conftest
configure:10435: $? = 0
configure:10446: result: yes
configure:10376: checking for strdup
configure:10426: gcc -o conftest -Wall   conftest.c  >&5
configure:10429: $? = 0
configure:10432: test -s conftest
configure:10435: $? = 0
configure:10446: result: yes
configure:10376: checking for strtoul
configure:10426: gcc -o conftest -Wall   conftest.c  >&5
configure:10429: $? = 0
configure:10432: test -s conftest
configure:10435: $? = 0
configure:10446: result: yes
configure:10376: checking for tsearch
configure:10426: gcc -o conftest -Wall   conftest.c  >&5
configure:10429: $? = 0
configure:10432: test -s conftest
configure:10435: $? = 0
configure:10446: result: yes
configure:10376: checking for __argz_count
configure:10426: gcc -o conftest -Wall   conftest.c  >&5
configure:10429: $? = 0
configure:10432: test -s conftest
configure:10435: $? = 0
configure:10446: result: yes
configure:10376: checking for __argz_stringify
configure:10426: gcc -o conftest -Wall   conftest.c  >&5
configure:10429: $? = 0
configure:10432: test -s conftest
configure:10435: $? = 0
configure:10446: result: yes
configure:10376: checking for __argz_next
configure:10426: gcc -o conftest -Wall   conftest.c  >&5
configure:10429: $? = 0
configure:10432: test -s conftest
configure:10435: $? = 0
configure:10446: result: yes
configure:10487: checking for iconv
configure:10515: gcc -o conftest -Wall   conftest.c  >&5
configure:10518: $? = 0
configure:10521: test -s conftest
configure:10524: $? = 0
configure:10579: result: yes
configure:10602: checking for iconv declaration
configure:10637: gcc -c -Wall  conftest.c >&5
configure:10640: $? = 0
configure:10643: test -s conftest.o
configure:10646: $? = 0
configure:10661: result: 
         extern size_t iconv (iconv_t cd, char * *inbuf, size_t *inbytesleft, char * *outbuf, size_t *outbytesleft);
configure:10672: checking for nl_langinfo and CODESET
configure:10694: gcc -o conftest -Wall   conftest.c  >&5
configure: In function `main':
configure:10746: warning: unused variable `cs'
configure:10697: $? = 0
configure:10700: test -s conftest
configure:10703: $? = 0
configure:10715: result: yes
configure:10727: checking for LC_MESSAGES
configure:10749: gcc -o conftest -Wall   conftest.c  >&5
configure:10752: $? = 0
configure:10755: test -s conftest
configure:10758: $? = 0
configure:10769: result: yes
configure:10785: checking for bison
configure:10801: found /usr/bin/bison
configure:10811: result: bison
configure:10824: checking version of bison
configure:10833: result: 1.35, ok
configure:10854: checking whether NLS is requested
configure:10863: result: yes
configure:10878: checking whether included gettext is requested
configure:10888: result: no
configure:10899: checking for GNU gettext in libc
configure:10924: gcc -o conftest -Wall   conftest.c  >&5
configure:10927: $? = 0
configure:10930: test -s conftest
configure:10933: $? = 0
configure:10944: result: yes
configure:11561: checking for ANSI C header files
configure:11708: result: yes
configure:11741: checking assert.h usability
configure:11754: gcc -c -Wall  conftest.c >&5
configure:11757: $? = 0
configure:11760: test -s conftest.o
configure:11763: $? = 0
configure:11773: result: yes
configure:11777: checking assert.h presence
configure:11788: gcc -E  conftest.c
configure:11794: $? = 0
configure:11813: result: yes
configure:11849: checking for assert.h
configure:11856: result: yes
configure:11741: checking termios.h usability
configure:11754: gcc -c -Wall  conftest.c >&5
configure:11757: $? = 0
configure:11760: test -s conftest.o
configure:11763: $? = 0
configure:11773: result: yes
configure:11777: checking termios.h presence
configure:11788: gcc -E  conftest.c
configure:11794: $? = 0
configure:11813: result: yes
configure:11849: checking for termios.h
configure:11856: result: yes
configure:11741: checking stropts.h usability
configure:11754: gcc -c -Wall  conftest.c >&5
configure:11757: $? = 0
configure:11760: test -s conftest.o
configure:11763: $? = 0
configure:11773: result: yes
configure:11777: checking stropts.h presence
configure:11788: gcc -E  conftest.c
configure:11794: $? = 0
configure:11813: result: yes
configure:11849: checking for stropts.h
configure:11856: result: yes
configure:11732: checking for sys/types.h
configure:11737: result: yes
configure:11741: checking fcntl.h usability
configure:11754: gcc -c -Wall  conftest.c >&5
configure:11757: $? = 0
configure:11760: test -s conftest.o
configure:11763: $? = 0
configure:11773: result: yes
configure:11777: checking fcntl.h presence
configure:11788: gcc -E  conftest.c
configure:11794: $? = 0
configure:11813: result: yes
configure:11849: checking for fcntl.h
configure:11856: result: yes
configure:11741: checking errno.h usability
configure:11754: gcc -c -Wall  conftest.c >&5
configure:11757: $? = 0
configure:11760: test -s conftest.o
configure:11763: $? = 0
configure:11773: result: yes
configure:11777: checking errno.h presence
configure:11788: gcc -E  conftest.c
configure:11794: $? = 0
configure:11813: result: yes
configure:11849: checking for errno.h
configure:11856: result: yes
configure:11741: checking sys/soundcard.h usability
configure:11754: gcc -c -Wall  conftest.c >&5
configure:11757: $? = 0
configure:11760: test -s conftest.o
configure:11763: $? = 0
configure:11773: result: yes
configure:11777: checking sys/soundcard.h presence
configure:11788: gcc -E  conftest.c
configure:11794: $? = 0
configure:11813: result: yes
configure:11849: checking for sys/soundcard.h
configure:11856: result: yes
configure:11741: checking machine/soundcard.h usability
configure:11754: gcc -c -Wall  conftest.c >&5
configure:11855:31: machine/soundcard.h: No such file or directory
configure:11757: $? = 1
configure: failed program was:
| #line 11743 "configure"
| /* confdefs.h.  */
| 
| #define PACKAGE_NAME "MPEG audio decoder and player"
| #define PACKAGE_TARNAME "madplay"
| #define PACKAGE_VERSION "0.15.0b"
| #define PACKAGE_STRING "MPEG audio decoder and player 0.15.0b"
| #define PACKAGE_BUGREPORT "rob@mars.org"
| #define PACKAGE "madplay"
| #define VERSION "0.15.0b"
| #define STDC_HEADERS 1
| #define HAVE_SYS_TYPES_H 1
| #define HAVE_SYS_STAT_H 1
| #define HAVE_STDLIB_H 1
| #define HAVE_STRING_H 1
| #define HAVE_MEMORY_H 1
| #define HAVE_STRINGS_H 1
| #define HAVE_INTTYPES_H 1
| #define HAVE_STDINT_H 1
| #define HAVE_UNISTD_H 1
| #define HAVE_DLFCN_H 1
| #define HAVE_ALLOCA_H 1
| #define HAVE_ALLOCA 1
| #define HAVE_STDLIB_H 1
| #define HAVE_UNISTD_H 1
| #define HAVE_GETPAGESIZE 1
| #define HAVE_MMAP 1
| #define INTDIV0_RAISES_SIGFPE 1
| #define HAVE_INTTYPES_H_WITH_UINTMAX 1
| #define HAVE_STDINT_H_WITH_UINTMAX 1
| #define HAVE_UNSIGNED_LONG_LONG 1
| #define HAVE_INTTYPES_H 1
| #define HAVE_ARGZ_H 1
| #define HAVE_LIMITS_H 1
| #define HAVE_LOCALE_H 1
| #define HAVE_NL_TYPES_H 1
| #define HAVE_MALLOC_H 1
| #define HAVE_STDDEF_H 1
| #define HAVE_STDLIB_H 1
| #define HAVE_STRING_H 1
| #define HAVE_UNISTD_H 1
| #define HAVE_SYS_PARAM_H 1
| #define HAVE_FEOF_UNLOCKED 1
| #define HAVE_FGETS_UNLOCKED 1
| #define HAVE_GETC_UNLOCKED 1
| #define HAVE_GETCWD 1
| #define HAVE_GETEGID 1
| #define HAVE_GETEUID 1
| #define HAVE_GETGID 1
| #define HAVE_GETUID 1
| #define HAVE_MEMPCPY 1
| #define HAVE_MUNMAP 1
| #define HAVE_PUTENV 1
| #define HAVE_SETENV 1
| #define HAVE_SETLOCALE 1
| #define HAVE_STPCPY 1
| #define HAVE_STRCASECMP 1
| #define HAVE_STRDUP 1
| #define HAVE_STRTOUL 1
| #define HAVE_TSEARCH 1
| #define HAVE___ARGZ_COUNT 1
| #define HAVE___ARGZ_STRINGIFY 1
| #define HAVE___ARGZ_NEXT 1
| #define HAVE_ICONV 1
| #define ICONV_CONST 
| #define HAVE_LANGINFO_CODESET 1
| #define HAVE_LC_MESSAGES 1
| #define ENABLE_NLS 1
| #define HAVE_GETTEXT 1
| #define HAVE_DCGETTEXT 1
| #define STDC_HEADERS 1
| #define HAVE_ASSERT_H 1
| #define HAVE_TERMIOS_H 1
| #define HAVE_STROPTS_H 1
| #define HAVE_SYS_TYPES_H 1
| #define HAVE_FCNTL_H 1
| #define HAVE_ERRNO_H 1
| #define HAVE_SYS_SOUNDCARD_H 1
| /* end confdefs.h.  */
| #include <stdio.h>
| #if HAVE_SYS_TYPES_H
| # include <sys/types.h>
| #endif
| #if HAVE_SYS_STAT_H
| # include <sys/stat.h>
| #endif
| #if STDC_HEADERS
| # include <stdlib.h>
| # include <stddef.h>
| #else
| # if HAVE_STDLIB_H
| #  include <stdlib.h>
| # endif
| #endif
| #if HAVE_STRING_H
| # if !STDC_HEADERS && HAVE_MEMORY_H
| #  include <memory.h>
| # endif
| # include <string.h>
| #endif
| #if HAVE_STRINGS_H
| # include <strings.h>
| #endif
| #if HAVE_INTTYPES_H
| # include <inttypes.h>
| #else
| # if HAVE_STDINT_H
| #  include <stdint.h>
| # endif
| #endif
| #if HAVE_UNISTD_H
| # include <unistd.h>
| #endif
| #include <machine/soundcard.h>
configure:11773: result: no
configure:11777: checking machine/soundcard.h presence
configure:11788: gcc -E  conftest.c
configure:11857:31: machine/soundcard.h: No such file or directory
configure:11794: $? = 1
configure: failed program was:
| #line 11779 "configure"
| /* confdefs.h.  */
| 
| #define PACKAGE_NAME "MPEG audio decoder and player"
| #define PACKAGE_TARNAME "madplay"
| #define PACKAGE_VERSION "0.15.0b"
| #define PACKAGE_STRING "MPEG audio decoder and player 0.15.0b"
| #define PACKAGE_BUGREPORT "rob@mars.org"
| #define PACKAGE "madplay"
| #define VERSION "0.15.0b"
| #define STDC_HEADERS 1
| #define HAVE_SYS_TYPES_H 1
| #define HAVE_SYS_STAT_H 1
| #define HAVE_STDLIB_H 1
| #define HAVE_STRING_H 1
| #define HAVE_MEMORY_H 1
| #define HAVE_STRINGS_H 1
| #define HAVE_INTTYPES_H 1
| #define HAVE_STDINT_H 1
| #define HAVE_UNISTD_H 1
| #define HAVE_DLFCN_H 1
| #define HAVE_ALLOCA_H 1
| #define HAVE_ALLOCA 1
| #define HAVE_STDLIB_H 1
| #define HAVE_UNISTD_H 1
| #define HAVE_GETPAGESIZE 1
| #define HAVE_MMAP 1
| #define INTDIV0_RAISES_SIGFPE 1
| #define HAVE_INTTYPES_H_WITH_UINTMAX 1
| #define HAVE_STDINT_H_WITH_UINTMAX 1
| #define HAVE_UNSIGNED_LONG_LONG 1
| #define HAVE_INTTYPES_H 1
| #define HAVE_ARGZ_H 1
| #define HAVE_LIMITS_H 1
| #define HAVE_LOCALE_H 1
| #define HAVE_NL_TYPES_H 1
| #define HAVE_MALLOC_H 1
| #define HAVE_STDDEF_H 1
| #define HAVE_STDLIB_H 1
| #define HAVE_STRING_H 1
| #define HAVE_UNISTD_H 1
| #define HAVE_SYS_PARAM_H 1
| #define HAVE_FEOF_UNLOCKED 1
| #define HAVE_FGETS_UNLOCKED 1
| #define HAVE_GETC_UNLOCKED 1
| #define HAVE_GETCWD 1
| #define HAVE_GETEGID 1
| #define HAVE_GETEUID 1
| #define HAVE_GETGID 1
| #define HAVE_GETUID 1
| #define HAVE_MEMPCPY 1
| #define HAVE_MUNMAP 1
| #define HAVE_PUTENV 1
| #define HAVE_SETENV 1
| #define HAVE_SETLOCALE 1
| #define HAVE_STPCPY 1
| #define HAVE_STRCASECMP 1
| #define HAVE_STRDUP 1
| #define HAVE_STRTOUL 1
| #define HAVE_TSEARCH 1
| #define HAVE___ARGZ_COUNT 1
| #define HAVE___ARGZ_STRINGIFY 1
| #define HAVE___ARGZ_NEXT 1
| #define HAVE_ICONV 1
| #define ICONV_CONST 
| #define HAVE_LANGINFO_CODESET 1
| #define HAVE_LC_MESSAGES 1
| #define ENABLE_NLS 1
| #define HAVE_GETTEXT 1
| #define HAVE_DCGETTEXT 1
| #define STDC_HEADERS 1
| #define HAVE_ASSERT_H 1
| #define HAVE_TERMIOS_H 1
| #define HAVE_STROPTS_H 1
| #define HAVE_SYS_TYPES_H 1
| #define HAVE_FCNTL_H 1
| #define HAVE_ERRNO_H 1
| #define HAVE_SYS_SOUNDCARD_H 1
| /* end confdefs.h.  */
| #include <machine/soundcard.h>
configure:11813: result: no
configure:11849: checking for machine/soundcard.h
configure:11856: result: no
configure:11880: checking mad.h usability
configure:11893: gcc -c -Wall  conftest.c >&5
configure:11994:17: mad.h: No such file or directory
configure:11896: $? = 1
configure: failed program was:
| #line 11882 "configure"
| /* confdefs.h.  */
| 
| #define PACKAGE_NAME "MPEG audio decoder and player"
| #define PACKAGE_TARNAME "madplay"
| #define PACKAGE_VERSION "0.15.0b"
| #define PACKAGE_STRING "MPEG audio decoder and player 0.15.0b"
| #define PACKAGE_BUGREPORT "rob@mars.org"
| #define PACKAGE "madplay"
| #define VERSION "0.15.0b"
| #define STDC_HEADERS 1
| #define HAVE_SYS_TYPES_H 1
| #define HAVE_SYS_STAT_H 1
| #define HAVE_STDLIB_H 1
| #define HAVE_STRING_H 1
| #define HAVE_MEMORY_H 1
| #define HAVE_STRINGS_H 1
| #define HAVE_INTTYPES_H 1
| #define HAVE_STDINT_H 1
| #define HAVE_UNISTD_H 1
| #define HAVE_DLFCN_H 1
| #define HAVE_ALLOCA_H 1
| #define HAVE_ALLOCA 1
| #define HAVE_STDLIB_H 1
| #define HAVE_UNISTD_H 1
| #define HAVE_GETPAGESIZE 1
| #define HAVE_MMAP 1
| #define INTDIV0_RAISES_SIGFPE 1
| #define HAVE_INTTYPES_H_WITH_UINTMAX 1
| #define HAVE_STDINT_H_WITH_UINTMAX 1
| #define HAVE_UNSIGNED_LONG_LONG 1
| #define HAVE_INTTYPES_H 1
| #define HAVE_ARGZ_H 1
| #define HAVE_LIMITS_H 1
| #define HAVE_LOCALE_H 1
| #define HAVE_NL_TYPES_H 1
| #define HAVE_MALLOC_H 1
| #define HAVE_STDDEF_H 1
| #define HAVE_STDLIB_H 1
| #define HAVE_STRING_H 1
| #define HAVE_UNISTD_H 1
| #define HAVE_SYS_PARAM_H 1
| #define HAVE_FEOF_UNLOCKED 1
| #define HAVE_FGETS_UNLOCKED 1
| #define HAVE_GETC_UNLOCKED 1
| #define HAVE_GETCWD 1
| #define HAVE_GETEGID 1
| #define HAVE_GETEUID 1
| #define HAVE_GETGID 1
| #define HAVE_GETUID 1
| #define HAVE_MEMPCPY 1
| #define HAVE_MUNMAP 1
| #define HAVE_PUTENV 1
| #define HAVE_SETENV 1
| #define HAVE_SETLOCALE 1
| #define HAVE_STPCPY 1
| #define HAVE_STRCASECMP 1
| #define HAVE_STRDUP 1
| #define HAVE_STRTOUL 1
| #define HAVE_TSEARCH 1
| #define HAVE___ARGZ_COUNT 1
| #define HAVE___ARGZ_STRINGIFY 1
| #define HAVE___ARGZ_NEXT 1
| #define HAVE_ICONV 1
| #define ICONV_CONST 
| #define HAVE_LANGINFO_CODESET 1
| #define HAVE_LC_MESSAGES 1
| #define ENABLE_NLS 1
| #define HAVE_GETTEXT 1
| #define HAVE_DCGETTEXT 1
| #define STDC_HEADERS 1
| #define HAVE_ASSERT_H 1
| #define HAVE_TERMIOS_H 1
| #define HAVE_STROPTS_H 1
| #define HAVE_SYS_TYPES_H 1
| #define HAVE_FCNTL_H 1
| #define HAVE_ERRNO_H 1
| #define HAVE_SYS_SOUNDCARD_H 1
| /* end confdefs.h.  */
| #include <stdio.h>
| #if HAVE_SYS_TYPES_H
| # include <sys/types.h>
| #endif
| #if HAVE_SYS_STAT_H
| # include <sys/stat.h>
| #endif
| #if STDC_HEADERS
| # include <stdlib.h>
| # include <stddef.h>
| #else
| # if HAVE_STDLIB_H
| #  include <stdlib.h>
| # endif
| #endif
| #if HAVE_STRING_H
| # if !STDC_HEADERS && HAVE_MEMORY_H
| #  include <memory.h>
| # endif
| # include <string.h>
| #endif
| #if HAVE_STRINGS_H
| # include <strings.h>
| #endif
| #if HAVE_INTTYPES_H
| # include <inttypes.h>
| #else
| # if HAVE_STDINT_H
| #  include <stdint.h>
| # endif
| #endif
| #if HAVE_UNISTD_H
| # include <unistd.h>
| #endif
| #include <mad.h>
configure:11912: result: no
configure:11916: checking mad.h presence
configure:11927: gcc -E  conftest.c
configure:11996:17: mad.h: No such file or directory
configure:11933: $? = 1
configure: failed program was:
| #line 11918 "configure"
| /* confdefs.h.  */
| 
| #define PACKAGE_NAME "MPEG audio decoder and player"
| #define PACKAGE_TARNAME "madplay"
| #define PACKAGE_VERSION "0.15.0b"
| #define PACKAGE_STRING "MPEG audio decoder and player 0.15.0b"
| #define PACKAGE_BUGREPORT "rob@mars.org"
| #define PACKAGE "madplay"
| #define VERSION "0.15.0b"
| #define STDC_HEADERS 1
| #define HAVE_SYS_TYPES_H 1
| #define HAVE_SYS_STAT_H 1
| #define HAVE_STDLIB_H 1
| #define HAVE_STRING_H 1
| #define HAVE_MEMORY_H 1
| #define HAVE_STRINGS_H 1
| #define HAVE_INTTYPES_H 1
| #define HAVE_STDINT_H 1
| #define HAVE_UNISTD_H 1
| #define HAVE_DLFCN_H 1
| #define HAVE_ALLOCA_H 1
| #define HAVE_ALLOCA 1
| #define HAVE_STDLIB_H 1
| #define HAVE_UNISTD_H 1
| #define HAVE_GETPAGESIZE 1
| #define HAVE_MMAP 1
| #define INTDIV0_RAISES_SIGFPE 1
| #define HAVE_INTTYPES_H_WITH_UINTMAX 1
| #define HAVE_STDINT_H_WITH_UINTMAX 1
| #define HAVE_UNSIGNED_LONG_LONG 1
| #define HAVE_INTTYPES_H 1
| #define HAVE_ARGZ_H 1
| #define HAVE_LIMITS_H 1
| #define HAVE_LOCALE_H 1
| #define HAVE_NL_TYPES_H 1
| #define HAVE_MALLOC_H 1
| #define HAVE_STDDEF_H 1
| #define HAVE_STDLIB_H 1
| #define HAVE_STRING_H 1
| #define HAVE_UNISTD_H 1
| #define HAVE_SYS_PARAM_H 1
| #define HAVE_FEOF_UNLOCKED 1
| #define HAVE_FGETS_UNLOCKED 1
| #define HAVE_GETC_UNLOCKED 1
| #define HAVE_GETCWD 1
| #define HAVE_GETEGID 1
| #define HAVE_GETEUID 1
| #define HAVE_GETGID 1
| #define HAVE_GETUID 1
| #define HAVE_MEMPCPY 1
| #define HAVE_MUNMAP 1
| #define HAVE_PUTENV 1
| #define HAVE_SETENV 1
| #define HAVE_SETLOCALE 1
| #define HAVE_STPCPY 1
| #define HAVE_STRCASECMP 1
| #define HAVE_STRDUP 1
| #define HAVE_STRTOUL 1
| #define HAVE_TSEARCH 1
| #define HAVE___ARGZ_COUNT 1
| #define HAVE___ARGZ_STRINGIFY 1
| #define HAVE___ARGZ_NEXT 1
| #define HAVE_ICONV 1
| #define ICONV_CONST 
| #define HAVE_LANGINFO_CODESET 1
| #define HAVE_LC_MESSAGES 1
| #define ENABLE_NLS 1
| #define HAVE_GETTEXT 1
| #define HAVE_DCGETTEXT 1
| #define STDC_HEADERS 1
| #define HAVE_ASSERT_H 1
| #define HAVE_TERMIOS_H 1
| #define HAVE_STROPTS_H 1
| #define HAVE_SYS_TYPES_H 1
| #define HAVE_FCNTL_H 1
| #define HAVE_ERRNO_H 1
| #define HAVE_SYS_SOUNDCARD_H 1
| /* end confdefs.h.  */
| #include <mad.h>
configure:11952: result: no
configure:11988: checking for mad.h
configure:11995: result: no
configure:12006: error: mad.h was not found
*** You must first install libmad before you can build this package.
*** If libmad is already installed, you may need to use the CPPFLAGS
*** environment variable to specify its installed location, e.g. -I<dir>.

## ---------------- ##
## Cache variables. ##
## ---------------- ##

ac_cv_build=i686-pc-linux-gnu
ac_cv_build_alias=i686-pc-linux-gnu
ac_cv_c_compiler_gnu=yes
ac_cv_c_const=yes
ac_cv_c_inline=inline
ac_cv_env_CC_set=
ac_cv_env_CC_value=
ac_cv_env_CFLAGS_set=
ac_cv_env_CFLAGS_value=
ac_cv_env_CPPFLAGS_set=
ac_cv_env_CPPFLAGS_value=
ac_cv_env_CPP_set=
ac_cv_env_CPP_value=
ac_cv_env_LDFLAGS_set=
ac_cv_env_LDFLAGS_value=
ac_cv_env_build_alias_set=
ac_cv_env_build_alias_value=
ac_cv_env_host_alias_set=
ac_cv_env_host_alias_value=
ac_cv_env_target_alias_set=
ac_cv_env_target_alias_value=
ac_cv_exeext=
ac_cv_func___argz_count=yes
ac_cv_func___argz_next=yes
ac_cv_func___argz_stringify=yes
ac_cv_func_alloca_works=yes
ac_cv_func_feof_unlocked=yes
ac_cv_func_fgets_unlocked=yes
ac_cv_func_getc_unlocked=yes
ac_cv_func_getcwd=yes
ac_cv_func_getegid=yes
ac_cv_func_geteuid=yes
ac_cv_func_getgid=yes
ac_cv_func_getpagesize=yes
ac_cv_func_getuid=yes
ac_cv_func_mempcpy=yes
ac_cv_func_mmap_fixed_mapped=yes
ac_cv_func_munmap=yes
ac_cv_func_putenv=yes
ac_cv_func_setenv=yes
ac_cv_func_setlocale=yes
ac_cv_func_stpcpy=yes
ac_cv_func_strcasecmp=yes
ac_cv_func_strdup=yes
ac_cv_func_strtoul=yes
ac_cv_func_tsearch=yes
ac_cv_gnu_library_2_1=yes
ac_cv_header_argz_h=yes
ac_cv_header_assert_h=yes
ac_cv_header_dlfcn_h=yes
ac_cv_header_errno_h=yes
ac_cv_header_fcntl_h=yes
ac_cv_header_inttypes_h=yes
ac_cv_header_limits_h=yes
ac_cv_header_locale_h=yes
ac_cv_header_machine_soundcard_h=no
ac_cv_header_mad_h=no
ac_cv_header_malloc_h=yes
ac_cv_header_memory_h=yes
ac_cv_header_nl_types_h=yes
ac_cv_header_stdc=yes
ac_cv_header_stddef_h=yes
ac_cv_header_stdint_h=yes
ac_cv_header_stdlib_h=yes
ac_cv_header_string_h=yes
ac_cv_header_strings_h=yes
ac_cv_header_stropts_h=yes
ac_cv_header_sys_param_h=yes
ac_cv_header_sys_soundcard_h=yes
ac_cv_header_sys_stat_h=yes
ac_cv_header_sys_types_h=yes
ac_cv_header_termios_h=yes
ac_cv_header_unistd_h=yes
ac_cv_host=i686-pc-linux-gnu
ac_cv_host_alias=i686-pc-linux-gnu
ac_cv_lib_cposix_strerror=no
ac_cv_objext=o
ac_cv_path_GMSGFMT=/usr/bin/msgfmt
ac_cv_path_MSGFMT=/usr/bin/msgfmt
ac_cv_path_MSGMERGE=/usr/bin/msgmerge
ac_cv_path_XGETTEXT=/usr/bin/xgettext
ac_cv_path_install='/usr/bin/install -c'
ac_cv_prog_AWK=gawk
ac_cv_prog_CPP='gcc -E'
ac_cv_prog_INTLBISON=bison
ac_cv_prog_ac_ct_CC=gcc
ac_cv_prog_ac_ct_RANLIB=ranlib
ac_cv_prog_ac_ct_STRIP=strip
ac_cv_prog_cc_g=yes
ac_cv_prog_cc_stdc=
ac_cv_prog_egrep='grep -E'
ac_cv_prog_make_make_set=yes
ac_cv_type_off_t=yes
ac_cv_type_size_t=yes
ac_cv_type_unsigned_long_long=yes
ac_cv_working_alloca_h=yes
acl_cv_hardcode_direct=no
acl_cv_hardcode_libdir_flag_spec='${wl}-rpath ${wl}$libdir'
acl_cv_hardcode_libdir_separator=
acl_cv_hardcode_minus_L=no
acl_cv_libext=a
acl_cv_path_LD=/usr/bin/ld
acl_cv_prog_gnu_ld=yes
acl_cv_rpath=done
acl_cv_shlibext=so
acl_cv_sys_lib_dlsearch_path_spec='/lib /usr/lib'
acl_cv_sys_lib_search_path_spec='/lib /usr/lib /usr/local/lib'
acl_cv_wl=-Wl,
am_cv_CC_dependencies_compiler_type=gcc3
am_cv_func_iconv=yes
am_cv_langinfo_codeset=yes
am_cv_lib_iconv=no
am_cv_proto_iconv='extern size_t iconv (iconv_t cd, char * *inbuf, size_t *inbytesleft, char * *outbuf, size_t *outbytesleft);'
am_cv_proto_iconv_arg1=
am_cv_val_LC_MESSAGES=yes
gt_cv_func_gnugettext1_libc=yes
gt_cv_header_inttypes_h=yes
gt_cv_int_divbyzero_sigfpe=yes
gt_cv_inttypes_pri_broken=no
jm_ac_cv_header_inttypes_h=yes
jm_ac_cv_header_stdint_h=yes
lt_cv_compiler_c_o=yes
lt_cv_compiler_o_lo=yes
lt_cv_deplibs_check_method=pass_all
lt_cv_file_magic_cmd='$MAGIC_CMD'
lt_cv_file_magic_test_file='/lib/libc.so.6 /lib/libc-2.3.2.so'
lt_cv_global_symbol_to_c_name_address='sed -n -e '\''s/^: \([^ ]*\) $/  {\"\1\", (lt_ptr) 0},/p'\'' -e '\''s/^[BCDEGRST] \([^ ]*\) \([^ ]*\)$/  {"\2", (lt_ptr) \&\2},/p'\'''
lt_cv_global_symbol_to_cdecl='sed -n -e '\''s/^. .* \(.*\)$/extern char \1;/p'\'''
lt_cv_ld_reload_flag=-r
lt_cv_path_LD=/usr/bin/ld
lt_cv_path_NM='/usr/bin/nm -B'
lt_cv_path_SED=/bin/sed
lt_cv_prog_cc_can_build_shared=yes
lt_cv_prog_cc_no_builtin=
lt_cv_prog_cc_pic=' -fPIC'
lt_cv_prog_cc_pic_works=yes
lt_cv_prog_cc_shlib=
lt_cv_prog_cc_static=-static
lt_cv_prog_cc_static_works=yes
lt_cv_prog_cc_wl=-Wl,
lt_cv_prog_gnu_ld=yes
lt_cv_sys_global_symbol_pipe='sed -n -e '\''s/^.*[ 	]\([ABCDGISTW][ABCDGISTW]*\)[ 	][ 	]*\(\)\([_A-Za-z][_A-Za-z0-9]*\)$/\1 \2\3 \3/p'\'''
nls_cv_force_use_gnu_gettext=no
nls_cv_header_intl=
nls_cv_header_libgt=
nls_cv_use_gnu_gettext=no

## ----------------- ##
## Output variables. ##
## ----------------- ##

ACLOCAL='${SHELL} /HHARM2410-R3/experiments/EXP27/madplay/missing --run aclocal-1.7'
ALLOCA=''
AMDEPBACKSLASH='\'
AMDEP_FALSE='#'
AMDEP_TRUE=''
AMTAR='${SHELL} /HHARM2410-R3/experiments/EXP27/madplay/missing --run tar'
AUTOCONF='${SHELL} /HHARM2410-R3/experiments/EXP27/madplay/missing --run autoconf'
AUTOHEADER='${SHELL} /HHARM2410-R3/experiments/EXP27/madplay/missing --run autoheader'
AUTOMAKE='${SHELL} /HHARM2410-R3/experiments/EXP27/madplay/missing --run automake-1.7'
AWK='gawk'
BUILD_INCLUDED_LIBINTL='no'
CATOBJEXT='.gmo'
CC='gcc'
CCDEPMODE='depmode=gcc3'
CFLAGS='-Wall'
CPP='gcc -E'
CPPFLAGS=''
CYGPATH_W='echo'
DATADIRNAME='share'
DEFS=''
DEPDIR='.deps'
ECHO='echo'
ECHO_C=''
ECHO_N='-n'
ECHO_T=''
EGREP='grep -E'
EXEEXT=''
GENCAT='gencat'
GLIBC21='yes'
GMSGFMT='/usr/bin/msgfmt'
INSTALL_DATA='${INSTALL} -m 644'
INSTALL_PROGRAM='${INSTALL}'
INSTALL_SCRIPT='${INSTALL}'
INSTALL_STRIP_PROGRAM='${SHELL} $(install_sh) -c -s'
INSTOBJEXT='.mo'
INTLBISON='bison'
INTLLIBS=''
INTLOBJS=''
INTL_LIBTOOL_SUFFIX_PREFIX='l'
LDFLAGS=''
LIBICONV=''
LIBINTL=''
LIBOBJS=''
LIBS=''
LIBTOOL='$(SHELL) $(top_builddir)/libtool'
LIBTOOL_DEPS='./ltmain.sh'
LN_S='ln -s'
LTLIBICONV=''
LTLIBINTL=''
LTLIBOBJS=''
MAKEINFO='${SHELL} /HHARM2410-R3/experiments/EXP27/madplay/missing --run makeinfo'
MKINSTALLDIRS='./mkinstalldirs'
MSGFMT='/usr/bin/msgfmt'
MSGMERGE='/usr/bin/msgmerge'
OBJEXT='o'
PACKAGE='madplay'
PACKAGE_BUGREPORT='rob@mars.org'
PACKAGE_NAME='MPEG audio decoder and player'
PACKAGE_STRING='MPEG audio decoder and player 0.15.0b'
PACKAGE_TARNAME='madplay'
PACKAGE_VERSION='0.15.0b'
PATH_SEPARATOR=':'
POSUB='po'
RANLIB='ranlib'
SET_MAKE=''
SHELL='/bin/sh'
STRIP='strip'
USE_INCLUDED_LIBINTL='no'
USE_NLS='yes'
VERSION='0.15.0b'
XGETTEXT='/usr/bin/xgettext'
ac_ct_CC='gcc'
ac_ct_RANLIB='ranlib'
ac_ct_STRIP='strip'
am__fastdepCC_FALSE='#'
am__fastdepCC_TRUE=''
am__include='include'
am__leading_dot='.'
am__quote=''
bindir='${exec_prefix}/bin'
build='i686-pc-linux-gnu'
build_alias=''
build_cpu='i686'
build_os='linux-gnu'
build_vendor='pc'
datadir='${prefix}/share'
depend_audio=''
exec_prefix='NONE'
host='i686-pc-linux-gnu'
host_alias=''
host_cpu='i686'
host_os='linux-gnu'
host_vendor='pc'
includedir='${prefix}/include'
infodir='${prefix}/info'
install_sh='/HHARM2410-R3/experiments/EXP27/madplay/install-sh'
ldadd_audio=''
libdir='${exec_prefix}/lib'
libexecdir='${exec_prefix}/libexec'
localstatedir='${prefix}/var'
mandir='${prefix}/man'
oldincludedir='/usr/include'
prefix='NONE'
program_transform_name='s,x,x,'
sbindir='${exec_prefix}/sbin'
sharedstatedir='${prefix}/com'
sysconfdir='${prefix}/etc'
target_alias=''

## ----------- ##
## confdefs.h. ##
## ----------- ##

#define ENABLE_NLS 1
#define HAVE_ALLOCA 1
#define HAVE_ALLOCA_H 1
#define HAVE_ARGZ_H 1
#define HAVE_ASSERT_H 1
#define HAVE_DCGETTEXT 1
#define HAVE_DLFCN_H 1
#define HAVE_ERRNO_H 1
#define HAVE_FCNTL_H 1
#define HAVE_FEOF_UNLOCKED 1
#define HAVE_FGETS_UNLOCKED 1
#define HAVE_GETCWD 1
#define HAVE_GETC_UNLOCKED 1
#define HAVE_GETEGID 1
#define HAVE_GETEUID 1
#define HAVE_GETGID 1
#define HAVE_GETPAGESIZE 1
#define HAVE_GETTEXT 1
#define HAVE_GETUID 1
#define HAVE_ICONV 1
#define HAVE_INTTYPES_H 1
#define HAVE_INTTYPES_H 1
#define HAVE_INTTYPES_H_WITH_UINTMAX 1
#define HAVE_LANGINFO_CODESET 1
#define HAVE_LC_MESSAGES 1
#define HAVE_LIMITS_H 1
#define HAVE_LOCALE_H 1
#define HAVE_MALLOC_H 1
#define HAVE_MEMORY_H 1
#define HAVE_MEMPCPY 1
#define HAVE_MMAP 1
#define HAVE_MUNMAP 1
#define HAVE_NL_TYPES_H 1
#define HAVE_PUTENV 1
#define HAVE_SETENV 1
#define HAVE_SETLOCALE 1
#define HAVE_STDDEF_H 1
#define HAVE_STDINT_H 1
#define HAVE_STDINT_H_WITH_UINTMAX 1
#define HAVE_STDLIB_H 1
#define HAVE_STDLIB_H 1
#define HAVE_STDLIB_H 1
#define HAVE_STPCPY 1
#define HAVE_STRCASECMP 1
#define HAVE_STRDUP 1
#define HAVE_STRINGS_H 1
#define HAVE_STRING_H 1
#define HAVE_STRING_H 1
#define HAVE_STROPTS_H 1
#define HAVE_STRTOUL 1
#define HAVE_SYS_PARAM_H 1
#define HAVE_SYS_SOUNDCARD_H 1
#define HAVE_SYS_STAT_H 1
#define HAVE_SYS_TYPES_H 1
#define HAVE_SYS_TYPES_H 1
#define HAVE_TERMIOS_H 1
#define HAVE_TSEARCH 1
#define HAVE_UNISTD_H 1
#define HAVE_UNISTD_H 1
#define HAVE_UNISTD_H 1
#define HAVE_UNSIGNED_LONG_LONG 1
#define HAVE___ARGZ_COUNT 1
#define HAVE___ARGZ_NEXT 1
#define HAVE___ARGZ_STRINGIFY 1
#define ICONV_CONST 
#define INTDIV0_RAISES_SIGFPE 1
#define PACKAGE "madplay"
#define PACKAGE_BUGREPORT "rob@mars.org"
#define PACKAGE_NAME "MPEG audio decoder and player"
#define PACKAGE_STRING "MPEG audio decoder and player 0.15.0b"
#define PACKAGE_TARNAME "madplay"
#define PACKAGE_VERSION "0.15.0b"
#define STDC_HEADERS 1
#define STDC_HEADERS 1
#define VERSION "0.15.0b"

configure: exit 1
